"4672","DESKTOP-2E8SKHK","System.Byte[]","9597","(12548)","12548","SuccessAudit","Special privileges assigned to new logon.

Subject:
	Security ID:		S-1-5-18
	Account Name:		SYSTEM
	Account Domain:		NT AUTHORITY
	Logon ID:		0x3e7

Privileges:		SeAssignPrimaryTokenPrivilege
			SeTcbPrivilege
			SeSecurityPrivilege
			SeTakeOwnershipPrivilege
			SeLoadDriverPrivilege
			SeBackupPrivilege
			SeRestorePrivilege
			SeDebugPrivilege
			SeAuditPrivilege
			SeSystemEnvironmentPrivilege
			SeImpersonatePrivilege
			SeDelegateSessionUserImpersonatePrivilege","Microsoft-Windows-Security-Auditing","System.String[]","4672","10/23/2023 9:48:33 AM","10/23/2023 9:48:33 AM",,,
"4624","DESKTOP-2E8SKHK","System.Byte[]","9596","(12544)","12544","SuccessAudit","An account was successfully logged on.

Subject:
	Security ID:		S-1-5-18
	Account Name:		DESKTOP-2E8SKHK$
	Account Domain:		WORKGROUP
	Logon ID:		0x3e7

Logon Information:
	Logon Type:		5
	Restricted Admin Mode:	-
	Virtual Account:		%%1843
	Elevated Token:		%%1842

Impersonation Level:		%%1833

New Logon:
	Security ID:		S-1-5-18
	Account Name:		SYSTEM
	Account Domain:		NT AUTHORITY
	Logon ID:		0x3e7
	Linked Logon ID:		0x0
	Network Account Name:	-
	Network Account Domain:	-
	Logon GUID:		{00000000-0000-0000-0000-000000000000}

Process Information:
	Process ID:		0x288
	Process Name:		C:\Windows\System32\services.exe

Network Information:
	Workstation Name:	-
	Source Network Address:	-
	Source Port:		-

Detailed Authentication Information:
	Logon Process:		Advapi  
	Authentication Package:	Negotiate
	Transited Services:	-
	Package Name (NTLM only):	-
	Key Length:		0

This event is generated when a logon session is created. It is generated on the computer that was accessed.

The subject fields indicate the account on the local system which requested the logon. This is most commonly a service such as the Server service, or a local process such as Winlogon.exe or Services.exe.

The logon type field indicates the kind of logon that occurred. The most common types are 2 (interactive) and 3 (network).

The New Logon fields indicate the account for whom the new logon was created, i.e. the account that was logged on.

The network fields indicate where a remote logon request originated. Workstation name is not always available and may be left blank in some cases.

The impersonation level field indicates the extent to which a process in the logon session can impersonate.

The authentication information fields provide detailed information about this specific logon request.
	- Logon GUID is a unique identifier that can be used to correlate this event with a KDC event.
	- Transited services indicate which intermediate services have participated in this logon request.
	- Package name indicates which sub-protocol was used among the NTLM protocols.
	- Key length indicates the length of the generated session key. This will be 0 if no session key was requested.","Microsoft-Windows-Security-Auditing","System.String[]","4624","10/23/2023 9:48:33 AM","10/23/2023 9:48:33 AM",,,
"4672","DESKTOP-2E8SKHK","System.Byte[]","9595","(12548)","12548","SuccessAudit","Special privileges assigned to new logon.

Subject:
	Security ID:		S-1-5-18
	Account Name:		SYSTEM
	Account Domain:		NT AUTHORITY
	Logon ID:		0x3e7

Privileges:		SeAssignPrimaryTokenPrivilege
			SeTcbPrivilege
			SeSecurityPrivilege
			SeTakeOwnershipPrivilege
			SeLoadDriverPrivilege
			SeBackupPrivilege
			SeRestorePrivilege
			SeDebugPrivilege
			SeAuditPrivilege
			SeSystemEnvironmentPrivilege
			SeImpersonatePrivilege
			SeDelegateSessionUserImpersonatePrivilege","Microsoft-Windows-Security-Auditing","System.String[]","4672","10/23/2023 9:48:33 AM","10/23/2023 9:48:33 AM",,,
"4624","DESKTOP-2E8SKHK","System.Byte[]","9594","(12544)","12544","SuccessAudit","An account was successfully logged on.

Subject:
	Security ID:		S-1-5-18
	Account Name:		DESKTOP-2E8SKHK$
	Account Domain:		WORKGROUP
	Logon ID:		0x3e7

Logon Information:
	Logon Type:		5
	Restricted Admin Mode:	-
	Virtual Account:		%%1843
	Elevated Token:		%%1842

Impersonation Level:		%%1833

New Logon:
	Security ID:		S-1-5-18
	Account Name:		SYSTEM
	Account Domain:		NT AUTHORITY
	Logon ID:		0x3e7
	Linked Logon ID:		0x0
	Network Account Name:	-
	Network Account Domain:	-
	Logon GUID:		{00000000-0000-0000-0000-000000000000}

Process Information:
	Process ID:		0x288
	Process Name:		C:\Windows\System32\services.exe

Network Information:
	Workstation Name:	-
	Source Network Address:	-
	Source Port:		-

Detailed Authentication Information:
	Logon Process:		Advapi  
	Authentication Package:	Negotiate
	Transited Services:	-
	Package Name (NTLM only):	-
	Key Length:		0

This event is generated when a logon session is created. It is generated on the computer that was accessed.

The subject fields indicate the account on the local system which requested the logon. This is most commonly a service such as the Server service, or a local process such as Winlogon.exe or Services.exe.

The logon type field indicates the kind of logon that occurred. The most common types are 2 (interactive) and 3 (network).

The New Logon fields indicate the account for whom the new logon was created, i.e. the account that was logged on.

The network fields indicate where a remote logon request originated. Workstation name is not always available and may be left blank in some cases.

The impersonation level field indicates the extent to which a process in the logon session can impersonate.

The authentication information fields provide detailed information about this specific logon request.
	- Logon GUID is a unique identifier that can be used to correlate this event with a KDC event.
	- Transited services indicate which intermediate services have participated in this logon request.
	- Package name indicates which sub-protocol was used among the NTLM protocols.
	- Key length indicates the length of the generated session key. This will be 0 if no session key was requested.","Microsoft-Windows-Security-Auditing","System.String[]","4624","10/23/2023 9:48:33 AM","10/23/2023 9:48:33 AM",,,
"4616","DESKTOP-2E8SKHK","System.Byte[]","9593","(12288)","12288","SuccessAudit","The system time was changed.

Subject:
	Security ID:		S-1-5-19
	Account Name:		LOCAL SERVICE
	Account Domain:		NT AUTHORITY
	Logon ID:		0x3e5

Process Information:
	Process ID:	0xcdc
	Name:		C:\Windows\System32\svchost.exe

Previous Time:		2023-10-23T13:08:22.268251500Z
New Time:		2023-10-23T13:08:22.269573700Z

This event is generated when the system time is changed. It is normal for the Windows Time Service, which runs with System privilege, to change the system time on a regular basis. Other system time changes may be indicative of attempts to tamper with the computer.","Microsoft-Windows-Security-Auditing","System.String[]","4616","10/23/2023 9:08:22 AM","10/23/2023 9:08:22 AM",,,
"4616","DESKTOP-2E8SKHK","System.Byte[]","9592","(12288)","12288","SuccessAudit","The system time was changed.

Subject:
	Security ID:		S-1-5-19
	Account Name:		LOCAL SERVICE
	Account Domain:		NT AUTHORITY
	Logon ID:		0x3e5

Process Information:
	Process ID:	0xcdc
	Name:		C:\Windows\System32\svchost.exe

Previous Time:		2023-10-23T13:08:22.253952800Z
New Time:		2023-10-23T13:08:22.263026300Z

This event is generated when the system time is changed. It is normal for the Windows Time Service, which runs with System privilege, to change the system time on a regular basis. Other system time changes may be indicative of attempts to tamper with the computer.","Microsoft-Windows-Security-Auditing","System.String[]","4616","10/23/2023 9:08:22 AM","10/23/2023 9:08:22 AM",,,
"4616","DESKTOP-2E8SKHK","System.Byte[]","9591","(12288)","12288","SuccessAudit","The system time was changed.

Subject:
	Security ID:		S-1-5-19
	Account Name:		LOCAL SERVICE
	Account Domain:		NT AUTHORITY
	Logon ID:		0x3e5

Process Information:
	Process ID:	0xcdc
	Name:		C:\Windows\System32\svchost.exe

Previous Time:		2023-10-23T13:08:24.845722300Z
New Time:		2023-10-23T13:08:22.253952800Z

This event is generated when the system time is changed. It is normal for the Windows Time Service, which runs with System privilege, to change the system time on a regular basis. Other system time changes may be indicative of attempts to tamper with the computer.","Microsoft-Windows-Security-Auditing","System.String[]","4616","10/23/2023 9:08:22 AM","10/23/2023 9:08:22 AM",,,
"5379","DESKTOP-2E8SKHK","System.Byte[]","9590","(13824)","13824","SuccessAudit","Credential Manager credentials were read.

Subject:
	Security ID:		S-1-5-19
	Account Name:		LOCAL SERVICE
	Account Domain:		NT AUTHORITY
	Logon ID:		0x3e5
	Read Operation:		%%8100

This event occurs when a user performs a read operation on stored credentials in Credential Manager.","Microsoft-Windows-Security-Auditing","System.String[]","5379","10/23/2023 9:08:10 AM","10/23/2023 9:08:10 AM",,,
"5379","DESKTOP-2E8SKHK","System.Byte[]","9589","(13824)","13824","SuccessAudit","Credential Manager credentials were read.

Subject:
	Security ID:		S-1-5-19
	Account Name:		LOCAL SERVICE
	Account Domain:		NT AUTHORITY
	Logon ID:		0x3e5
	Read Operation:		%%8100

This event occurs when a user performs a read operation on stored credentials in Credential Manager.","Microsoft-Windows-Security-Auditing","System.String[]","5379","10/23/2023 9:08:10 AM","10/23/2023 9:08:10 AM",,,
"5379","DESKTOP-2E8SKHK","System.Byte[]","9588","(13824)","13824","SuccessAudit","Credential Manager credentials were read.

Subject:
	Security ID:		S-1-5-19
	Account Name:		LOCAL SERVICE
	Account Domain:		NT AUTHORITY
	Logon ID:		0x3e5
	Read Operation:		%%8100

This event occurs when a user performs a read operation on stored credentials in Credential Manager.","Microsoft-Windows-Security-Auditing","System.String[]","5379","10/23/2023 9:08:10 AM","10/23/2023 9:08:10 AM",,,
"5379","DESKTOP-2E8SKHK","System.Byte[]","9587","(13824)","13824","SuccessAudit","Credential Manager credentials were read.

Subject:
	Security ID:		S-1-5-19
	Account Name:		LOCAL SERVICE
	Account Domain:		NT AUTHORITY
	Logon ID:		0x3e5
	Read Operation:		%%8100

This event occurs when a user performs a read operation on stored credentials in Credential Manager.","Microsoft-Windows-Security-Auditing","System.String[]","5379","10/23/2023 9:08:10 AM","10/23/2023 9:08:10 AM",,,
"5379","DESKTOP-2E8SKHK","System.Byte[]","9586","(13824)","13824","SuccessAudit","Credential Manager credentials were read.

Subject:
	Security ID:		S-1-5-19
	Account Name:		LOCAL SERVICE
	Account Domain:		NT AUTHORITY
	Logon ID:		0x3e5
	Read Operation:		%%8100

This event occurs when a user performs a read operation on stored credentials in Credential Manager.","Microsoft-Windows-Security-Auditing","System.String[]","5379","10/23/2023 9:08:09 AM","10/23/2023 9:08:09 AM",,,
"5379","DESKTOP-2E8SKHK","System.Byte[]","9585","(13824)","13824","SuccessAudit","Credential Manager credentials were read.

Subject:
	Security ID:		S-1-5-19
	Account Name:		LOCAL SERVICE
	Account Domain:		NT AUTHORITY
	Logon ID:		0x3e5
	Read Operation:		%%8100

This event occurs when a user performs a read operation on stored credentials in Credential Manager.","Microsoft-Windows-Security-Auditing","System.String[]","5379","10/23/2023 9:08:09 AM","10/23/2023 9:08:09 AM",,,
"5379","DESKTOP-2E8SKHK","System.Byte[]","9584","(13824)","13824","SuccessAudit","Credential Manager credentials were read.

Subject:
	Security ID:		S-1-5-19
	Account Name:		LOCAL SERVICE
	Account Domain:		NT AUTHORITY
	Logon ID:		0x3e5
	Read Operation:		%%8100

This event occurs when a user performs a read operation on stored credentials in Credential Manager.","Microsoft-Windows-Security-Auditing","System.String[]","5379","10/23/2023 9:08:09 AM","10/23/2023 9:08:09 AM",,,
"5379","DESKTOP-2E8SKHK","System.Byte[]","9583","(13824)","13824","SuccessAudit","Credential Manager credentials were read.

Subject:
	Security ID:		S-1-5-19
	Account Name:		LOCAL SERVICE
	Account Domain:		NT AUTHORITY
	Logon ID:		0x3e5
	Read Operation:		%%8100

This event occurs when a user performs a read operation on stored credentials in Credential Manager.","Microsoft-Windows-Security-Auditing","System.String[]","5379","10/23/2023 9:08:09 AM","10/23/2023 9:08:09 AM",,,
"5379","DESKTOP-2E8SKHK","System.Byte[]","9582","(13824)","13824","SuccessAudit","Credential Manager credentials were read.

Subject:
	Security ID:		S-1-5-19
	Account Name:		LOCAL SERVICE
	Account Domain:		NT AUTHORITY
	Logon ID:		0x3e5
	Read Operation:		%%8100

This event occurs when a user performs a read operation on stored credentials in Credential Manager.","Microsoft-Windows-Security-Auditing","System.String[]","5379","10/23/2023 9:08:09 AM","10/23/2023 9:08:09 AM",,,
"5379","DESKTOP-2E8SKHK","System.Byte[]","9581","(13824)","13824","SuccessAudit","Credential Manager credentials were read.

Subject:
	Security ID:		S-1-5-19
	Account Name:		LOCAL SERVICE
	Account Domain:		NT AUTHORITY
	Logon ID:		0x3e5
	Read Operation:		%%8099

This event occurs when a user performs a read operation on stored credentials in Credential Manager.","Microsoft-Windows-Security-Auditing","System.String[]","5379","10/23/2023 9:08:09 AM","10/23/2023 9:08:09 AM",,,
"5061","DESKTOP-2E8SKHK","System.Byte[]","9580","(12290)","12290","SuccessAudit","Cryptographic operation.

Subject:
	Security ID:		S-1-5-18
	Account Name:		DESKTOP-2E8SKHK$
	Account Domain:		WORKGROUP
	Logon ID:		0x3e7

Cryptographic Parameters:
	Provider Name:	Microsoft Software Key Storage Provider
	Algorithm Name:	RSA
	Key Name:	72b70832-46a5-76ed-6909-a969b2968218
	Key Type:	%%2500

Cryptographic Operation:
	Operation:	%%2480
	Return Code:	0x0","Microsoft-Windows-Security-Auditing","System.String[]","5061","10/23/2023 9:08:09 AM","10/23/2023 9:08:09 AM",,,
"5058","DESKTOP-2E8SKHK","System.Byte[]","9579","(12292)","12292","SuccessAudit","Key file operation.

Subject:
	Security ID:		S-1-5-18
	Account Name:		DESKTOP-2E8SKHK$
	Account Domain:		WORKGROUP
	Logon ID:		0x3e7

Process Information:
	Process ID:		2684
	Process Creation Time:	2023-10-23T13:08:08.596251300Z

Cryptographic Parameters:
	Provider Name:	Microsoft Software Key Storage Provider
	Algorithm Name:	UNKNOWN
	Key Name:	72b70832-46a5-76ed-6909-a969b2968218
	Key Type:	%%2500

Key File Operation Information:
	File Path:	C:\ProgramData\Microsoft\Crypto\SystemKeys\046d1e3d960bc5ce7a28ee9065041f67_6f3521b6-9cca-4514-ad4e-0bdf9aeb50cf
	Operation:	%%2458
	Return Code:	0x0","Microsoft-Windows-Security-Auditing","System.String[]","5058","10/23/2023 9:08:09 AM","10/23/2023 9:08:09 AM",,,
"5379","DESKTOP-2E8SKHK","System.Byte[]","9578","(13824)","13824","SuccessAudit","Credential Manager credentials were read.

Subject:
	Security ID:		S-1-5-19
	Account Name:		LOCAL SERVICE
	Account Domain:		NT AUTHORITY
	Logon ID:		0x3e5
	Read Operation:		%%8100

This event occurs when a user performs a read operation on stored credentials in Credential Manager.","Microsoft-Windows-Security-Auditing","System.String[]","5379","10/23/2023 9:08:09 AM","10/23/2023 9:08:09 AM",,,
"5379","DESKTOP-2E8SKHK","System.Byte[]","9577","(13824)","13824","SuccessAudit","Credential Manager credentials were read.

Subject:
	Security ID:		S-1-5-19
	Account Name:		LOCAL SERVICE
	Account Domain:		NT AUTHORITY
	Logon ID:		0x3e5
	Read Operation:		%%8100

This event occurs when a user performs a read operation on stored credentials in Credential Manager.","Microsoft-Windows-Security-Auditing","System.String[]","5379","10/23/2023 9:08:09 AM","10/23/2023 9:08:09 AM",,,
"5379","DESKTOP-2E8SKHK","System.Byte[]","9576","(13824)","13824","SuccessAudit","Credential Manager credentials were read.

Subject:
	Security ID:		S-1-5-19
	Account Name:		LOCAL SERVICE
	Account Domain:		NT AUTHORITY
	Logon ID:		0x3e5
	Read Operation:		%%8100

This event occurs when a user performs a read operation on stored credentials in Credential Manager.","Microsoft-Windows-Security-Auditing","System.String[]","5379","10/23/2023 9:08:09 AM","10/23/2023 9:08:09 AM",,,
"5379","DESKTOP-2E8SKHK","System.Byte[]","9575","(13824)","13824","SuccessAudit","Credential Manager credentials were read.

Subject:
	Security ID:		S-1-5-19
	Account Name:		LOCAL SERVICE
	Account Domain:		NT AUTHORITY
	Logon ID:		0x3e5
	Read Operation:		%%8100

This event occurs when a user performs a read operation on stored credentials in Credential Manager.","Microsoft-Windows-Security-Auditing","System.String[]","5379","10/23/2023 9:08:09 AM","10/23/2023 9:08:09 AM",,,
"5379","DESKTOP-2E8SKHK","System.Byte[]","9574","(13824)","13824","SuccessAudit","Credential Manager credentials were read.

Subject:
	Security ID:		S-1-5-19
	Account Name:		LOCAL SERVICE
	Account Domain:		NT AUTHORITY
	Logon ID:		0x3e5
	Read Operation:		%%8099

This event occurs when a user performs a read operation on stored credentials in Credential Manager.","Microsoft-Windows-Security-Auditing","System.String[]","5379","10/23/2023 9:08:09 AM","10/23/2023 9:08:09 AM",,,
"5061","DESKTOP-2E8SKHK","System.Byte[]","9573","(12290)","12290","SuccessAudit","Cryptographic operation.

Subject:
	Security ID:		S-1-5-18
	Account Name:		DESKTOP-2E8SKHK$
	Account Domain:		WORKGROUP
	Logon ID:		0x3e7

Cryptographic Parameters:
	Provider Name:	Microsoft Software Key Storage Provider
	Algorithm Name:	RSA
	Key Name:	72b70832-46a5-76ed-6909-a969b2968218
	Key Type:	%%2500

Cryptographic Operation:
	Operation:	%%2480
	Return Code:	0x0","Microsoft-Windows-Security-Auditing","System.String[]","5061","10/23/2023 9:08:09 AM","10/23/2023 9:08:09 AM",,,
"5058","DESKTOP-2E8SKHK","System.Byte[]","9572","(12292)","12292","SuccessAudit","Key file operation.

Subject:
	Security ID:		S-1-5-18
	Account Name:		DESKTOP-2E8SKHK$
	Account Domain:		WORKGROUP
	Logon ID:		0x3e7

Process Information:
	Process ID:		2684
	Process Creation Time:	2023-10-23T13:08:08.596251300Z

Cryptographic Parameters:
	Provider Name:	Microsoft Software Key Storage Provider
	Algorithm Name:	UNKNOWN
	Key Name:	72b70832-46a5-76ed-6909-a969b2968218
	Key Type:	%%2500

Key File Operation Information:
	File Path:	C:\ProgramData\Microsoft\Crypto\SystemKeys\046d1e3d960bc5ce7a28ee9065041f67_6f3521b6-9cca-4514-ad4e-0bdf9aeb50cf
	Operation:	%%2458
	Return Code:	0x0","Microsoft-Windows-Security-Auditing","System.String[]","5058","10/23/2023 9:08:09 AM","10/23/2023 9:08:09 AM",,,
"5379","DESKTOP-2E8SKHK","System.Byte[]","9571","(13824)","13824","SuccessAudit","Credential Manager credentials were read.

Subject:
	Security ID:		S-1-5-19
	Account Name:		LOCAL SERVICE
	Account Domain:		NT AUTHORITY
	Logon ID:		0x3e5
	Read Operation:		%%8100

This event occurs when a user performs a read operation on stored credentials in Credential Manager.","Microsoft-Windows-Security-Auditing","System.String[]","5379","10/23/2023 9:08:09 AM","10/23/2023 9:08:09 AM",,,
"5379","DESKTOP-2E8SKHK","System.Byte[]","9570","(13824)","13824","SuccessAudit","Credential Manager credentials were read.

Subject:
	Security ID:		S-1-5-19
	Account Name:		LOCAL SERVICE
	Account Domain:		NT AUTHORITY
	Logon ID:		0x3e5
	Read Operation:		%%8100

This event occurs when a user performs a read operation on stored credentials in Credential Manager.","Microsoft-Windows-Security-Auditing","System.String[]","5379","10/23/2023 9:08:09 AM","10/23/2023 9:08:09 AM",,,
"5379","DESKTOP-2E8SKHK","System.Byte[]","9569","(13824)","13824","SuccessAudit","Credential Manager credentials were read.

Subject:
	Security ID:		S-1-5-19
	Account Name:		LOCAL SERVICE
	Account Domain:		NT AUTHORITY
	Logon ID:		0x3e5
	Read Operation:		%%8100

This event occurs when a user performs a read operation on stored credentials in Credential Manager.","Microsoft-Windows-Security-Auditing","System.String[]","5379","10/23/2023 9:08:09 AM","10/23/2023 9:08:09 AM",,,
"5379","DESKTOP-2E8SKHK","System.Byte[]","9568","(13824)","13824","SuccessAudit","Credential Manager credentials were read.

Subject:
	Security ID:		S-1-5-19
	Account Name:		LOCAL SERVICE
	Account Domain:		NT AUTHORITY
	Logon ID:		0x3e5
	Read Operation:		%%8100

This event occurs when a user performs a read operation on stored credentials in Credential Manager.","Microsoft-Windows-Security-Auditing","System.String[]","5379","10/23/2023 9:08:09 AM","10/23/2023 9:08:09 AM",,,
"5379","DESKTOP-2E8SKHK","System.Byte[]","9567","(13824)","13824","SuccessAudit","Credential Manager credentials were read.

Subject:
	Security ID:		S-1-5-21-2529540908-2362371235-1068731176-1002
	Account Name:		champuser
	Account Domain:		DESKTOP-2E8SKHK
	Logon ID:		0x49ffc
	Read Operation:		%%8100

This event occurs when a user performs a read operation on stored credentials in Credential Manager.","Microsoft-Windows-Security-Auditing","System.String[]","5379","10/23/2023 9:08:08 AM","10/23/2023 9:08:08 AM",,,
"5379","DESKTOP-2E8SKHK","System.Byte[]","9566","(13824)","13824","SuccessAudit","Credential Manager credentials were read.

Subject:
	Security ID:		S-1-5-21-2529540908-2362371235-1068731176-1002
	Account Name:		champuser
	Account Domain:		DESKTOP-2E8SKHK
	Logon ID:		0x49ffc
	Read Operation:		%%8100

This event occurs when a user performs a read operation on stored credentials in Credential Manager.","Microsoft-Windows-Security-Auditing","System.String[]","5379","10/23/2023 9:08:08 AM","10/23/2023 9:08:08 AM",,,
"5379","DESKTOP-2E8SKHK","System.Byte[]","9565","(13824)","13824","SuccessAudit","Credential Manager credentials were read.

Subject:
	Security ID:		S-1-5-21-2529540908-2362371235-1068731176-1002
	Account Name:		champuser
	Account Domain:		DESKTOP-2E8SKHK
	Logon ID:		0x49ffc
	Read Operation:		%%8100

This event occurs when a user performs a read operation on stored credentials in Credential Manager.","Microsoft-Windows-Security-Auditing","System.String[]","5379","10/23/2023 9:08:08 AM","10/23/2023 9:08:08 AM",,,
"5379","DESKTOP-2E8SKHK","System.Byte[]","9564","(13824)","13824","SuccessAudit","Credential Manager credentials were read.

Subject:
	Security ID:		S-1-5-19
	Account Name:		LOCAL SERVICE
	Account Domain:		NT AUTHORITY
	Logon ID:		0x3e5
	Read Operation:		%%8100

This event occurs when a user performs a read operation on stored credentials in Credential Manager.","Microsoft-Windows-Security-Auditing","System.String[]","5379","10/23/2023 9:08:08 AM","10/23/2023 9:08:08 AM",,,
"5379","DESKTOP-2E8SKHK","System.Byte[]","9563","(13824)","13824","SuccessAudit","Credential Manager credentials were read.

Subject:
	Security ID:		S-1-5-19
	Account Name:		LOCAL SERVICE
	Account Domain:		NT AUTHORITY
	Logon ID:		0x3e5
	Read Operation:		%%8100

This event occurs when a user performs a read operation on stored credentials in Credential Manager.","Microsoft-Windows-Security-Auditing","System.String[]","5379","10/23/2023 9:08:08 AM","10/23/2023 9:08:08 AM",,,
"5379","DESKTOP-2E8SKHK","System.Byte[]","9562","(13824)","13824","SuccessAudit","Credential Manager credentials were read.

Subject:
	Security ID:		S-1-5-19
	Account Name:		LOCAL SERVICE
	Account Domain:		NT AUTHORITY
	Logon ID:		0x3e5
	Read Operation:		%%8100

This event occurs when a user performs a read operation on stored credentials in Credential Manager.","Microsoft-Windows-Security-Auditing","System.String[]","5379","10/23/2023 9:08:08 AM","10/23/2023 9:08:08 AM",,,
"5379","DESKTOP-2E8SKHK","System.Byte[]","9561","(13824)","13824","SuccessAudit","Credential Manager credentials were read.

Subject:
	Security ID:		S-1-5-18
	Account Name:		DESKTOP-2E8SKHK$
	Account Domain:		WORKGROUP
	Logon ID:		0x3e7
	Read Operation:		%%8100

This event occurs when a user performs a read operation on stored credentials in Credential Manager.","Microsoft-Windows-Security-Auditing","System.String[]","5379","10/23/2023 9:08:08 AM","10/23/2023 9:08:08 AM",,,
"5379","DESKTOP-2E8SKHK","System.Byte[]","9560","(13824)","13824","SuccessAudit","Credential Manager credentials were read.

Subject:
	Security ID:		S-1-5-18
	Account Name:		DESKTOP-2E8SKHK$
	Account Domain:		WORKGROUP
	Logon ID:		0x3e7
	Read Operation:		%%8100

This event occurs when a user performs a read operation on stored credentials in Credential Manager.","Microsoft-Windows-Security-Auditing","System.String[]","5379","10/23/2023 9:08:08 AM","10/23/2023 9:08:08 AM",,,
"5379","DESKTOP-2E8SKHK","System.Byte[]","9559","(13824)","13824","SuccessAudit","Credential Manager credentials were read.

Subject:
	Security ID:		S-1-5-18
	Account Name:		DESKTOP-2E8SKHK$
	Account Domain:		WORKGROUP
	Logon ID:		0x3e7
	Read Operation:		%%8100

This event occurs when a user performs a read operation on stored credentials in Credential Manager.","Microsoft-Windows-Security-Auditing","System.String[]","5379","10/23/2023 9:08:08 AM","10/23/2023 9:08:08 AM",,,
"4672","DESKTOP-2E8SKHK","System.Byte[]","9558","(12548)","12548","SuccessAudit","Special privileges assigned to new logon.

Subject:
	Security ID:		S-1-5-18
	Account Name:		SYSTEM
	Account Domain:		NT AUTHORITY
	Logon ID:		0x3e7

Privileges:		SeAssignPrimaryTokenPrivilege
			SeTcbPrivilege
			SeSecurityPrivilege
			SeTakeOwnershipPrivilege
			SeLoadDriverPrivilege
			SeBackupPrivilege
			SeRestorePrivilege
			SeDebugPrivilege
			SeAuditPrivilege
			SeSystemEnvironmentPrivilege
			SeImpersonatePrivilege
			SeDelegateSessionUserImpersonatePrivilege","Microsoft-Windows-Security-Auditing","System.String[]","4672","10/23/2023 9:08:08 AM","10/23/2023 9:08:08 AM",,,
"4624","DESKTOP-2E8SKHK","System.Byte[]","9557","(12544)","12544","SuccessAudit","An account was successfully logged on.

Subject:
	Security ID:		S-1-5-18
	Account Name:		DESKTOP-2E8SKHK$
	Account Domain:		WORKGROUP
	Logon ID:		0x3e7

Logon Information:
	Logon Type:		5
	Restricted Admin Mode:	-
	Virtual Account:		%%1843
	Elevated Token:		%%1842

Impersonation Level:		%%1833

New Logon:
	Security ID:		S-1-5-18
	Account Name:		SYSTEM
	Account Domain:		NT AUTHORITY
	Logon ID:		0x3e7
	Linked Logon ID:		0x0
	Network Account Name:	-
	Network Account Domain:	-
	Logon GUID:		{00000000-0000-0000-0000-000000000000}

Process Information:
	Process ID:		0x288
	Process Name:		C:\Windows\System32\services.exe

Network Information:
	Workstation Name:	-
	Source Network Address:	-
	Source Port:		-

Detailed Authentication Information:
	Logon Process:		Advapi  
	Authentication Package:	Negotiate
	Transited Services:	-
	Package Name (NTLM only):	-
	Key Length:		0

This event is generated when a logon session is created. It is generated on the computer that was accessed.

The subject fields indicate the account on the local system which requested the logon. This is most commonly a service such as the Server service, or a local process such as Winlogon.exe or Services.exe.

The logon type field indicates the kind of logon that occurred. The most common types are 2 (interactive) and 3 (network).

The New Logon fields indicate the account for whom the new logon was created, i.e. the account that was logged on.

The network fields indicate where a remote logon request originated. Workstation name is not always available and may be left blank in some cases.

The impersonation level field indicates the extent to which a process in the logon session can impersonate.

The authentication information fields provide detailed information about this specific logon request.
	- Logon GUID is a unique identifier that can be used to correlate this event with a KDC event.
	- Transited services indicate which intermediate services have participated in this logon request.
	- Package name indicates which sub-protocol was used among the NTLM protocols.
	- Key length indicates the length of the generated session key. This will be 0 if no session key was requested.","Microsoft-Windows-Security-Auditing","System.String[]","4624","10/23/2023 9:08:08 AM","10/23/2023 9:08:08 AM",,,
"4672","DESKTOP-2E8SKHK","System.Byte[]","9556","(12548)","12548","SuccessAudit","Special privileges assigned to new logon.

Subject:
	Security ID:		S-1-5-18
	Account Name:		SYSTEM
	Account Domain:		NT AUTHORITY
	Logon ID:		0x3e7

Privileges:		SeAssignPrimaryTokenPrivilege
			SeTcbPrivilege
			SeSecurityPrivilege
			SeTakeOwnershipPrivilege
			SeLoadDriverPrivilege
			SeBackupPrivilege
			SeRestorePrivilege
			SeDebugPrivilege
			SeAuditPrivilege
			SeSystemEnvironmentPrivilege
			SeImpersonatePrivilege
			SeDelegateSessionUserImpersonatePrivilege","Microsoft-Windows-Security-Auditing","System.String[]","4672","10/23/2023 9:08:08 AM","10/23/2023 9:08:08 AM",,,
"4624","DESKTOP-2E8SKHK","System.Byte[]","9555","(12544)","12544","SuccessAudit","An account was successfully logged on.

Subject:
	Security ID:		S-1-5-18
	Account Name:		DESKTOP-2E8SKHK$
	Account Domain:		WORKGROUP
	Logon ID:		0x3e7

Logon Information:
	Logon Type:		5
	Restricted Admin Mode:	-
	Virtual Account:		%%1843
	Elevated Token:		%%1842

Impersonation Level:		%%1833

New Logon:
	Security ID:		S-1-5-18
	Account Name:		SYSTEM
	Account Domain:		NT AUTHORITY
	Logon ID:		0x3e7
	Linked Logon ID:		0x0
	Network Account Name:	-
	Network Account Domain:	-
	Logon GUID:		{00000000-0000-0000-0000-000000000000}

Process Information:
	Process ID:		0x288
	Process Name:		C:\Windows\System32\services.exe

Network Information:
	Workstation Name:	-
	Source Network Address:	-
	Source Port:		-

Detailed Authentication Information:
	Logon Process:		Advapi  
	Authentication Package:	Negotiate
	Transited Services:	-
	Package Name (NTLM only):	-
	Key Length:		0

This event is generated when a logon session is created. It is generated on the computer that was accessed.

The subject fields indicate the account on the local system which requested the logon. This is most commonly a service such as the Server service, or a local process such as Winlogon.exe or Services.exe.

The logon type field indicates the kind of logon that occurred. The most common types are 2 (interactive) and 3 (network).

The New Logon fields indicate the account for whom the new logon was created, i.e. the account that was logged on.

The network fields indicate where a remote logon request originated. Workstation name is not always available and may be left blank in some cases.

The impersonation level field indicates the extent to which a process in the logon session can impersonate.

The authentication information fields provide detailed information about this specific logon request.
	- Logon GUID is a unique identifier that can be used to correlate this event with a KDC event.
	- Transited services indicate which intermediate services have participated in this logon request.
	- Package name indicates which sub-protocol was used among the NTLM protocols.
	- Key length indicates the length of the generated session key. This will be 0 if no session key was requested.","Microsoft-Windows-Security-Auditing","System.String[]","4624","10/23/2023 9:08:08 AM","10/23/2023 9:08:08 AM",,,
"4672","DESKTOP-2E8SKHK","System.Byte[]","9554","(12548)","12548","SuccessAudit","Special privileges assigned to new logon.

Subject:
	Security ID:		S-1-5-18
	Account Name:		SYSTEM
	Account Domain:		NT AUTHORITY
	Logon ID:		0x3e7

Privileges:		SeAssignPrimaryTokenPrivilege
			SeTcbPrivilege
			SeSecurityPrivilege
			SeTakeOwnershipPrivilege
			SeLoadDriverPrivilege
			SeBackupPrivilege
			SeRestorePrivilege
			SeDebugPrivilege
			SeAuditPrivilege
			SeSystemEnvironmentPrivilege
			SeImpersonatePrivilege
			SeDelegateSessionUserImpersonatePrivilege","Microsoft-Windows-Security-Auditing","System.String[]","4672","10/23/2023 9:08:08 AM","10/23/2023 9:08:08 AM",,,
"4624","DESKTOP-2E8SKHK","System.Byte[]","9553","(12544)","12544","SuccessAudit","An account was successfully logged on.

Subject:
	Security ID:		S-1-5-18
	Account Name:		DESKTOP-2E8SKHK$
	Account Domain:		WORKGROUP
	Logon ID:		0x3e7

Logon Information:
	Logon Type:		5
	Restricted Admin Mode:	-
	Virtual Account:		%%1843
	Elevated Token:		%%1842

Impersonation Level:		%%1833

New Logon:
	Security ID:		S-1-5-18
	Account Name:		SYSTEM
	Account Domain:		NT AUTHORITY
	Logon ID:		0x3e7
	Linked Logon ID:		0x0
	Network Account Name:	-
	Network Account Domain:	-
	Logon GUID:		{00000000-0000-0000-0000-000000000000}

Process Information:
	Process ID:		0x288
	Process Name:		C:\Windows\System32\services.exe

Network Information:
	Workstation Name:	-
	Source Network Address:	-
	Source Port:		-

Detailed Authentication Information:
	Logon Process:		Advapi  
	Authentication Package:	Negotiate
	Transited Services:	-
	Package Name (NTLM only):	-
	Key Length:		0

This event is generated when a logon session is created. It is generated on the computer that was accessed.

The subject fields indicate the account on the local system which requested the logon. This is most commonly a service such as the Server service, or a local process such as Winlogon.exe or Services.exe.

The logon type field indicates the kind of logon that occurred. The most common types are 2 (interactive) and 3 (network).

The New Logon fields indicate the account for whom the new logon was created, i.e. the account that was logged on.

The network fields indicate where a remote logon request originated. Workstation name is not always available and may be left blank in some cases.

The impersonation level field indicates the extent to which a process in the logon session can impersonate.

The authentication information fields provide detailed information about this specific logon request.
	- Logon GUID is a unique identifier that can be used to correlate this event with a KDC event.
	- Transited services indicate which intermediate services have participated in this logon request.
	- Package name indicates which sub-protocol was used among the NTLM protocols.
	- Key length indicates the length of the generated session key. This will be 0 if no session key was requested.","Microsoft-Windows-Security-Auditing","System.String[]","4624","10/23/2023 9:08:08 AM","10/23/2023 9:08:08 AM",,,
"4672","DESKTOP-2E8SKHK","System.Byte[]","9552","(12548)","12548","SuccessAudit","Special privileges assigned to new logon.

Subject:
	Security ID:		S-1-5-18
	Account Name:		SYSTEM
	Account Domain:		NT AUTHORITY
	Logon ID:		0x3e7

Privileges:		SeAssignPrimaryTokenPrivilege
			SeTcbPrivilege
			SeSecurityPrivilege
			SeTakeOwnershipPrivilege
			SeLoadDriverPrivilege
			SeBackupPrivilege
			SeRestorePrivilege
			SeDebugPrivilege
			SeAuditPrivilege
			SeSystemEnvironmentPrivilege
			SeImpersonatePrivilege
			SeDelegateSessionUserImpersonatePrivilege","Microsoft-Windows-Security-Auditing","System.String[]","4672","10/23/2023 9:08:07 AM","10/23/2023 9:08:07 AM",,,
"4624","DESKTOP-2E8SKHK","System.Byte[]","9551","(12544)","12544","SuccessAudit","An account was successfully logged on.

Subject:
	Security ID:		S-1-5-18
	Account Name:		DESKTOP-2E8SKHK$
	Account Domain:		WORKGROUP
	Logon ID:		0x3e7

Logon Information:
	Logon Type:		5
	Restricted Admin Mode:	-
	Virtual Account:		%%1843
	Elevated Token:		%%1842

Impersonation Level:		%%1833

New Logon:
	Security ID:		S-1-5-18
	Account Name:		SYSTEM
	Account Domain:		NT AUTHORITY
	Logon ID:		0x3e7
	Linked Logon ID:		0x0
	Network Account Name:	-
	Network Account Domain:	-
	Logon GUID:		{00000000-0000-0000-0000-000000000000}

Process Information:
	Process ID:		0x288
	Process Name:		C:\Windows\System32\services.exe

Network Information:
	Workstation Name:	-
	Source Network Address:	-
	Source Port:		-

Detailed Authentication Information:
	Logon Process:		Advapi  
	Authentication Package:	Negotiate
	Transited Services:	-
	Package Name (NTLM only):	-
	Key Length:		0

This event is generated when a logon session is created. It is generated on the computer that was accessed.

The subject fields indicate the account on the local system which requested the logon. This is most commonly a service such as the Server service, or a local process such as Winlogon.exe or Services.exe.

The logon type field indicates the kind of logon that occurred. The most common types are 2 (interactive) and 3 (network).

The New Logon fields indicate the account for whom the new logon was created, i.e. the account that was logged on.

The network fields indicate where a remote logon request originated. Workstation name is not always available and may be left blank in some cases.

The impersonation level field indicates the extent to which a process in the logon session can impersonate.

The authentication information fields provide detailed information about this specific logon request.
	- Logon GUID is a unique identifier that can be used to correlate this event with a KDC event.
	- Transited services indicate which intermediate services have participated in this logon request.
	- Package name indicates which sub-protocol was used among the NTLM protocols.
	- Key length indicates the length of the generated session key. This will be 0 if no session key was requested.","Microsoft-Windows-Security-Auditing","System.String[]","4624","10/23/2023 9:08:07 AM","10/23/2023 9:08:07 AM",,,
"4672","DESKTOP-2E8SKHK","System.Byte[]","9550","(12548)","12548","SuccessAudit","Special privileges assigned to new logon.

Subject:
	Security ID:		S-1-5-18
	Account Name:		SYSTEM
	Account Domain:		NT AUTHORITY
	Logon ID:		0x3e7

Privileges:		SeAssignPrimaryTokenPrivilege
			SeTcbPrivilege
			SeSecurityPrivilege
			SeTakeOwnershipPrivilege
			SeLoadDriverPrivilege
			SeBackupPrivilege
			SeRestorePrivilege
			SeDebugPrivilege
			SeAuditPrivilege
			SeSystemEnvironmentPrivilege
			SeImpersonatePrivilege
			SeDelegateSessionUserImpersonatePrivilege","Microsoft-Windows-Security-Auditing","System.String[]","4672","10/23/2023 9:08:06 AM","10/23/2023 9:08:06 AM",,,
"4624","DESKTOP-2E8SKHK","System.Byte[]","9549","(12544)","12544","SuccessAudit","An account was successfully logged on.

Subject:
	Security ID:		S-1-5-18
	Account Name:		DESKTOP-2E8SKHK$
	Account Domain:		WORKGROUP
	Logon ID:		0x3e7

Logon Information:
	Logon Type:		5
	Restricted Admin Mode:	-
	Virtual Account:		%%1843
	Elevated Token:		%%1842

Impersonation Level:		%%1833

New Logon:
	Security ID:		S-1-5-18
	Account Name:		SYSTEM
	Account Domain:		NT AUTHORITY
	Logon ID:		0x3e7
	Linked Logon ID:		0x0
	Network Account Name:	-
	Network Account Domain:	-
	Logon GUID:		{00000000-0000-0000-0000-000000000000}

Process Information:
	Process ID:		0x288
	Process Name:		C:\Windows\System32\services.exe

Network Information:
	Workstation Name:	-
	Source Network Address:	-
	Source Port:		-

Detailed Authentication Information:
	Logon Process:		Advapi  
	Authentication Package:	Negotiate
	Transited Services:	-
	Package Name (NTLM only):	-
	Key Length:		0

This event is generated when a logon session is created. It is generated on the computer that was accessed.

The subject fields indicate the account on the local system which requested the logon. This is most commonly a service such as the Server service, or a local process such as Winlogon.exe or Services.exe.

The logon type field indicates the kind of logon that occurred. The most common types are 2 (interactive) and 3 (network).

The New Logon fields indicate the account for whom the new logon was created, i.e. the account that was logged on.

The network fields indicate where a remote logon request originated. Workstation name is not always available and may be left blank in some cases.

The impersonation level field indicates the extent to which a process in the logon session can impersonate.

The authentication information fields provide detailed information about this specific logon request.
	- Logon GUID is a unique identifier that can be used to correlate this event with a KDC event.
	- Transited services indicate which intermediate services have participated in this logon request.
	- Package name indicates which sub-protocol was used among the NTLM protocols.
	- Key length indicates the length of the generated session key. This will be 0 if no session key was requested.","Microsoft-Windows-Security-Auditing","System.String[]","4624","10/23/2023 9:08:06 AM","10/23/2023 9:08:06 AM",,,
"5379","DESKTOP-2E8SKHK","System.Byte[]","9548","(13824)","13824","SuccessAudit","Credential Manager credentials were read.

Subject:
	Security ID:		S-1-5-21-2529540908-2362371235-1068731176-1002
	Account Name:		champuser
	Account Domain:		DESKTOP-2E8SKHK
	Logon ID:		0x49ffc
	Read Operation:		%%8099

This event occurs when a user performs a read operation on stored credentials in Credential Manager.","Microsoft-Windows-Security-Auditing","System.String[]","5379","10/23/2023 9:04:04 AM","10/23/2023 9:04:04 AM",,,
"4798","DESKTOP-2E8SKHK","System.Byte[]","9547","(13824)","13824","SuccessAudit","A user's local group membership was enumerated.

Subject:
	Security ID:		S-1-5-21-2529540908-2362371235-1068731176-1002
	Account Name:		champuser
	Account Domain:		DESKTOP-2E8SKHK
	Logon ID:		0x49ffc

User:
	Security ID:		S-1-5-21-2529540908-2362371235-1068731176-1002
	Account Name:		champuser
	Account Domain:		DESKTOP-2E8SKHK

Process Information:
	Process ID:		0x13ac
	Process Name:		C:\Program Files\Git\usr\bin\sh.exe","Microsoft-Windows-Security-Auditing","System.String[]","4798","10/23/2023 9:04:04 AM","10/23/2023 9:04:04 AM",,,
"5379","DESKTOP-2E8SKHK","System.Byte[]","9546","(13824)","13824","SuccessAudit","Credential Manager credentials were read.

Subject:
	Security ID:		S-1-5-21-2529540908-2362371235-1068731176-1002
	Account Name:		champuser
	Account Domain:		DESKTOP-2E8SKHK
	Logon ID:		0x49ffc
	Read Operation:		%%8100

This event occurs when a user performs a read operation on stored credentials in Credential Manager.","Microsoft-Windows-Security-Auditing","System.String[]","5379","10/23/2023 9:04:03 AM","10/23/2023 9:04:03 AM",,,
"5379","DESKTOP-2E8SKHK","System.Byte[]","9545","(13824)","13824","SuccessAudit","Credential Manager credentials were read.

Subject:
	Security ID:		S-1-5-21-2529540908-2362371235-1068731176-1002
	Account Name:		champuser
	Account Domain:		DESKTOP-2E8SKHK
	Logon ID:		0x49ffc
	Read Operation:		%%8100

This event occurs when a user performs a read operation on stored credentials in Credential Manager.","Microsoft-Windows-Security-Auditing","System.String[]","5379","10/23/2023 9:04:03 AM","10/23/2023 9:04:03 AM",,,
"4798","DESKTOP-2E8SKHK","System.Byte[]","9544","(13824)","13824","SuccessAudit","A user's local group membership was enumerated.

Subject:
	Security ID:		S-1-5-21-2529540908-2362371235-1068731176-1002
	Account Name:		champuser
	Account Domain:		DESKTOP-2E8SKHK
	Logon ID:		0x49ffc

User:
	Security ID:		S-1-5-21-2529540908-2362371235-1068731176-1002
	Account Name:		champuser
	Account Domain:		DESKTOP-2E8SKHK

Process Information:
	Process ID:		0x11d0
	Process Name:		C:\Program Files\Git\usr\bin\sh.exe","Microsoft-Windows-Security-Auditing","System.String[]","4798","10/23/2023 9:04:03 AM","10/23/2023 9:04:03 AM",,,
"4797","DESKTOP-2E8SKHK","System.Byte[]","9543","(13824)","13824","SuccessAudit","An attempt was made to query the existence of a blank password for an account.

Subject:
	Security ID:		S-1-5-21-2529540908-2362371235-1068731176-1002
	Account Name:		champuser
	Account Domain:		DESKTOP-2E8SKHK
	Logon ID:		0x49ffc

Additional Information:
	Caller Workstation:	DESKTOP-2E8SKHK
	Target Account Name:	WDAGUtilityAccount
	Target Account Domain:	DESKTOP-2E8SKHK","Microsoft-Windows-Security-Auditing","System.String[]","4797","10/23/2023 9:01:11 AM","10/23/2023 9:01:11 AM",,,
"4797","DESKTOP-2E8SKHK","System.Byte[]","9542","(13824)","13824","SuccessAudit","An attempt was made to query the existence of a blank password for an account.

Subject:
	Security ID:		S-1-5-21-2529540908-2362371235-1068731176-1002
	Account Name:		champuser
	Account Domain:		DESKTOP-2E8SKHK
	Logon ID:		0x49ffc

Additional Information:
	Caller Workstation:	DESKTOP-2E8SKHK
	Target Account Name:	Guest
	Target Account Domain:	DESKTOP-2E8SKHK","Microsoft-Windows-Security-Auditing","System.String[]","4797","10/23/2023 9:01:11 AM","10/23/2023 9:01:11 AM",,,
"4797","DESKTOP-2E8SKHK","System.Byte[]","9541","(13824)","13824","SuccessAudit","An attempt was made to query the existence of a blank password for an account.

Subject:
	Security ID:		S-1-5-21-2529540908-2362371235-1068731176-1002
	Account Name:		champuser
	Account Domain:		DESKTOP-2E8SKHK
	Logon ID:		0x49ffc

Additional Information:
	Caller Workstation:	DESKTOP-2E8SKHK
	Target Account Name:	DefaultAccount
	Target Account Domain:	DESKTOP-2E8SKHK","Microsoft-Windows-Security-Auditing","System.String[]","4797","10/23/2023 9:01:11 AM","10/23/2023 9:01:11 AM",,,
"4797","DESKTOP-2E8SKHK","System.Byte[]","9540","(13824)","13824","SuccessAudit","An attempt was made to query the existence of a blank password for an account.

Subject:
	Security ID:		S-1-5-21-2529540908-2362371235-1068731176-1002
	Account Name:		champuser
	Account Domain:		DESKTOP-2E8SKHK
	Logon ID:		0x49ffc

Additional Information:
	Caller Workstation:	DESKTOP-2E8SKHK
	Target Account Name:	Administrator
	Target Account Domain:	DESKTOP-2E8SKHK","Microsoft-Windows-Security-Auditing","System.String[]","4797","10/23/2023 9:01:11 AM","10/23/2023 9:01:11 AM",,,
"4798","DESKTOP-2E8SKHK","System.Byte[]","9539","(13824)","13824","SuccessAudit","A user's local group membership was enumerated.

Subject:
	Security ID:		S-1-5-21-2529540908-2362371235-1068731176-1002
	Account Name:		champuser
	Account Domain:		DESKTOP-2E8SKHK
	Logon ID:		0x49fd6

User:
	Security ID:		S-1-5-21-2529540908-2362371235-1068731176-1002
	Account Name:		champuser
	Account Domain:		DESKTOP-2E8SKHK

Process Information:
	Process ID:		0xa48
	Process Name:		C:\Windows\System32\WindowsPowerShell\v1.0\powershell_ise.exe","Microsoft-Windows-Security-Auditing","System.String[]","4798","10/23/2023 8:47:33 AM","10/23/2023 8:47:33 AM",,,
"4798","DESKTOP-2E8SKHK","System.Byte[]","9538","(13824)","13824","SuccessAudit","A user's local group membership was enumerated.

Subject:
	Security ID:		S-1-5-21-2529540908-2362371235-1068731176-1002
	Account Name:		champuser
	Account Domain:		DESKTOP-2E8SKHK
	Logon ID:		0x49fd6

User:
	Security ID:		S-1-5-21-2529540908-2362371235-1068731176-1002
	Account Name:		champuser
	Account Domain:		DESKTOP-2E8SKHK

Process Information:
	Process ID:		0xa48
	Process Name:		C:\Windows\System32\WindowsPowerShell\v1.0\powershell_ise.exe","Microsoft-Windows-Security-Auditing","System.String[]","4798","10/23/2023 8:47:19 AM","10/23/2023 8:47:19 AM",,,
"4798","DESKTOP-2E8SKHK","System.Byte[]","9537","(13824)","13824","SuccessAudit","A user's local group membership was enumerated.

Subject:
	Security ID:		S-1-5-21-2529540908-2362371235-1068731176-1002
	Account Name:		champuser
	Account Domain:		DESKTOP-2E8SKHK
	Logon ID:		0x49fd6

User:
	Security ID:		S-1-5-21-2529540908-2362371235-1068731176-1002
	Account Name:		champuser
	Account Domain:		DESKTOP-2E8SKHK

Process Information:
	Process ID:		0xa48
	Process Name:		C:\Windows\System32\WindowsPowerShell\v1.0\powershell_ise.exe","Microsoft-Windows-Security-Auditing","System.String[]","4798","10/23/2023 8:46:48 AM","10/23/2023 8:46:48 AM",,,
"4798","DESKTOP-2E8SKHK","System.Byte[]","9536","(13824)","13824","SuccessAudit","A user's local group membership was enumerated.

Subject:
	Security ID:		S-1-5-21-2529540908-2362371235-1068731176-1002
	Account Name:		champuser
	Account Domain:		DESKTOP-2E8SKHK
	Logon ID:		0x49fd6

User:
	Security ID:		S-1-5-21-2529540908-2362371235-1068731176-1002
	Account Name:		champuser
	Account Domain:		DESKTOP-2E8SKHK

Process Information:
	Process ID:		0xa48
	Process Name:		C:\Windows\System32\WindowsPowerShell\v1.0\powershell_ise.exe","Microsoft-Windows-Security-Auditing","System.String[]","4798","10/23/2023 8:46:48 AM","10/23/2023 8:46:48 AM",,,
"5379","DESKTOP-2E8SKHK","System.Byte[]","9535","(13824)","13824","SuccessAudit","Credential Manager credentials were read.

Subject:
	Security ID:		S-1-5-21-2529540908-2362371235-1068731176-1002
	Account Name:		champuser
	Account Domain:		DESKTOP-2E8SKHK
	Logon ID:		0x49ffc
	Read Operation:		%%8099

This event occurs when a user performs a read operation on stored credentials in Credential Manager.","Microsoft-Windows-Security-Auditing","System.String[]","5379","10/23/2023 8:17:22 AM","10/23/2023 8:17:22 AM",,,
"4798","DESKTOP-2E8SKHK","System.Byte[]","9534","(13824)","13824","SuccessAudit","A user's local group membership was enumerated.

Subject:
	Security ID:		S-1-5-21-2529540908-2362371235-1068731176-1002
	Account Name:		champuser
	Account Domain:		DESKTOP-2E8SKHK
	Logon ID:		0x49ffc

User:
	Security ID:		S-1-5-21-2529540908-2362371235-1068731176-1002
	Account Name:		champuser
	Account Domain:		DESKTOP-2E8SKHK

Process Information:
	Process ID:		0x19c8
	Process Name:		C:\Program Files\Git\usr\bin\sh.exe","Microsoft-Windows-Security-Auditing","System.String[]","4798","10/23/2023 8:17:22 AM","10/23/2023 8:17:22 AM",,,
"5379","DESKTOP-2E8SKHK","System.Byte[]","9533","(13824)","13824","SuccessAudit","Credential Manager credentials were read.

Subject:
	Security ID:		S-1-5-21-2529540908-2362371235-1068731176-1002
	Account Name:		champuser
	Account Domain:		DESKTOP-2E8SKHK
	Logon ID:		0x49ffc
	Read Operation:		%%8100

This event occurs when a user performs a read operation on stored credentials in Credential Manager.","Microsoft-Windows-Security-Auditing","System.String[]","5379","10/23/2023 8:13:00 AM","10/23/2023 8:13:00 AM",,,
"4798","DESKTOP-2E8SKHK","System.Byte[]","9532","(13824)","13824","SuccessAudit","A user's local group membership was enumerated.

Subject:
	Security ID:		S-1-5-21-2529540908-2362371235-1068731176-1002
	Account Name:		champuser
	Account Domain:		DESKTOP-2E8SKHK
	Logon ID:		0x49ffc

User:
	Security ID:		S-1-5-21-2529540908-2362371235-1068731176-1002
	Account Name:		champuser
	Account Domain:		DESKTOP-2E8SKHK

Process Information:
	Process ID:		0x14e4
	Process Name:		C:\Program Files\Git\usr\bin\sh.exe","Microsoft-Windows-Security-Auditing","System.String[]","4798","10/23/2023 8:13:00 AM","10/23/2023 8:13:00 AM",,,
