"4672","DESKTOP-2E8SKHK","System.Byte[]","8895","(12548)","12548","SuccessAudit","Special privileges assigned to new logon.

Subject:
	Security ID:		S-1-5-18
	Account Name:		SYSTEM
	Account Domain:		NT AUTHORITY
	Logon ID:		0x3e7

Privileges:		SeAssignPrimaryTokenPrivilege
			SeTcbPrivilege
			SeSecurityPrivilege
			SeTakeOwnershipPrivilege
			SeLoadDriverPrivilege
			SeBackupPrivilege
			SeRestorePrivilege
			SeDebugPrivilege
			SeAuditPrivilege
			SeSystemEnvironmentPrivilege
			SeImpersonatePrivilege
			SeDelegateSessionUserImpersonatePrivilege","Microsoft-Windows-Security-Auditing","System.String[]","4672","9/13/2023 12:27:01 PM","9/13/2023 12:27:01 PM",,,
"4624","DESKTOP-2E8SKHK","System.Byte[]","8894","(12544)","12544","SuccessAudit","An account was successfully logged on.

Subject:
	Security ID:		S-1-5-18
	Account Name:		WIN-D1FCJ2VBDKP$
	Account Domain:		WORKGROUP
	Logon ID:		0x3e7

Logon Information:
	Logon Type:		5
	Restricted Admin Mode:	-
	Virtual Account:		%%1843
	Elevated Token:		%%1842

Impersonation Level:		%%1833

New Logon:
	Security ID:		S-1-5-18
	Account Name:		SYSTEM
	Account Domain:		NT AUTHORITY
	Logon ID:		0x3e7
	Linked Logon ID:		0x0
	Network Account Name:	-
	Network Account Domain:	-
	Logon GUID:		{00000000-0000-0000-0000-000000000000}

Process Information:
	Process ID:		0x280
	Process Name:		C:\Windows\System32\services.exe

Network Information:
	Workstation Name:	-
	Source Network Address:	-
	Source Port:		-

Detailed Authentication Information:
	Logon Process:		Advapi  
	Authentication Package:	Negotiate
	Transited Services:	-
	Package Name (NTLM only):	-
	Key Length:		0

This event is generated when a logon session is created. It is generated on the computer that was accessed.

The subject fields indicate the account on the local system which requested the logon. This is most commonly a service such as the Server service, or a local process such as Winlogon.exe or Services.exe.

The logon type field indicates the kind of logon that occurred. The most common types are 2 (interactive) and 3 (network).

The New Logon fields indicate the account for whom the new logon was created, i.e. the account that was logged on.

The network fields indicate where a remote logon request originated. Workstation name is not always available and may be left blank in some cases.

The impersonation level field indicates the extent to which a process in the logon session can impersonate.

The authentication information fields provide detailed information about this specific logon request.
	- Logon GUID is a unique identifier that can be used to correlate this event with a KDC event.
	- Transited services indicate which intermediate services have participated in this logon request.
	- Package name indicates which sub-protocol was used among the NTLM protocols.
	- Key length indicates the length of the generated session key. This will be 0 if no session key was requested.","Microsoft-Windows-Security-Auditing","System.String[]","4624","9/13/2023 12:27:01 PM","9/13/2023 12:27:01 PM",,,
"4907","DESKTOP-2E8SKHK","System.Byte[]","8893","(13568)","13568","SuccessAudit","Auditing settings on object were changed.

Subject:
	Security ID:		S-1-5-18
	Account Name:		WIN-D1FCJ2VBDKP$
	Account Domain:		WORKGROUP
	Logon ID:		0x3e7

Object:
	Object Server:	Security
	Object Type:	File
	Object Name:	C:\Windows\Temp\winre\ExtractedFromWim
	Handle ID:	0x564

Process Information:
	Process ID:	0x468
	Process Name:	C:\Windows\System32\oobe\msoobe.exe

Auditing Settings:
	Original Security Descriptor:	
	New Security Descriptor:		S:ARAI(AU;SAFA;DCLCRPCRSDWDWO;;;WD)","Microsoft-Windows-Security-Auditing","System.String[]","4907","9/13/2023 12:27:01 PM","9/13/2023 12:27:01 PM",,,
"4737","DESKTOP-2E8SKHK","System.Byte[]","8892","(13826)","13826","SuccessAudit","A security-enabled global group was changed.

Subject:
	Security ID:		S-1-5-18
	Account Name:		WIN-D1FCJ2VBDKP$
	Account Domain:		WORKGROUP
	Logon ID:		0x3e7

Group:
	Security ID:		S-1-5-21-2529540908-2362371235-1068731176-513
	Group Name:		None
	Group Domain:		DESKTOP-2E8SKHK

Changed Attributes:
	SAM Account Name:	None
	SID History:		-

Additional Information:
	Privileges:		-","Microsoft-Windows-Security-Auditing","System.String[]","4737","9/13/2023 12:27:01 PM","9/13/2023 12:27:01 PM",,,
"4781","DESKTOP-2E8SKHK","System.Byte[]","8891","(13824)","13824","SuccessAudit","The name of an account was changed:

Subject:
	Security ID:		S-1-5-18
	Account Name:		WIN-D1FCJ2VBDKP$
	Account Domain:		WORKGROUP
	Logon ID:		0x3e7

Target Account:
	Security ID:		S-1-5-21-2529540908-2362371235-1068731176-513
	Account Domain:		DESKTOP-2E8SKHK
	Old Account Name:	None
	New Account Name:	None

Additional Information:
	Privileges:		-","Microsoft-Windows-Security-Auditing","System.String[]","4781","9/13/2023 12:27:01 PM","9/13/2023 12:27:01 PM",,,
"4737","DESKTOP-2E8SKHK","System.Byte[]","8890","(13826)","13826","SuccessAudit","A security-enabled global group was changed.

Subject:
	Security ID:		S-1-5-18
	Account Name:		WIN-D1FCJ2VBDKP$
	Account Domain:		WORKGROUP
	Logon ID:		0x3e7

Group:
	Security ID:		S-1-5-21-2529540908-2362371235-1068731176-513
	Group Name:		None
	Group Domain:		DESKTOP-2E8SKHK

Changed Attributes:
	SAM Account Name:	-
	SID History:		-

Additional Information:
	Privileges:		-","Microsoft-Windows-Security-Auditing","System.String[]","4737","9/13/2023 12:27:01 PM","9/13/2023 12:27:01 PM",,,
"4738","DESKTOP-2E8SKHK","System.Byte[]","8889","(13824)","13824","SuccessAudit","A user account was changed.

Subject:
	Security ID:		S-1-5-18
	Account Name:		WIN-D1FCJ2VBDKP$
	Account Domain:		WORKGROUP
	Logon ID:		0x3e7

Target Account:
	Security ID:		S-1-5-21-2529540908-2362371235-1068731176-504
	Account Name:		WDAGUtilityAccount
	Account Domain:		DESKTOP-2E8SKHK

Changed Attributes:
	SAM Account Name:	WDAGUtilityAccount
	Display Name:		%%1793
	User Principal Name:	-
	Home Directory:		%%1793
	Home Drive:		%%1793
	Script Path:		%%1793
	Profile Path:		%%1793
	User Workstations:	%%1793
	Password Last Set:	6/19/2022 7:07:17 PM
	Account Expires:		%%1794
	Primary Group ID:	513
	AllowedToDelegateTo:	-
	Old UAC Value:		0x11
	New UAC Value:		0x11
	User Account Control:	-
	User Parameters:	%%1793
	SID History:		-
	Logon Hours:		%%1797

Additional Information:
	Privileges:		-","Microsoft-Windows-Security-Auditing","System.String[]","4738","9/13/2023 12:27:01 PM","9/13/2023 12:27:01 PM",,,
"4738","DESKTOP-2E8SKHK","System.Byte[]","8888","(13824)","13824","SuccessAudit","A user account was changed.

Subject:
	Security ID:		S-1-5-18
	Account Name:		WIN-D1FCJ2VBDKP$
	Account Domain:		WORKGROUP
	Logon ID:		0x3e7

Target Account:
	Security ID:		S-1-5-21-2529540908-2362371235-1068731176-504
	Account Name:		WDAGUtilityAccount
	Account Domain:		DESKTOP-2E8SKHK

Changed Attributes:
	SAM Account Name:	WDAGUtilityAccount
	Display Name:		%%1793
	User Principal Name:	-
	Home Directory:		%%1793
	Home Drive:		%%1793
	Script Path:		%%1793
	Profile Path:		%%1793
	User Workstations:	%%1793
	Password Last Set:	6/19/2022 7:07:17 PM
	Account Expires:		%%1794
	Primary Group ID:	513
	AllowedToDelegateTo:	-
	Old UAC Value:		0x11
	New UAC Value:		0x11
	User Account Control:	-
	User Parameters:	%%1793
	SID History:		-
	Logon Hours:		%%1797

Additional Information:
	Privileges:		-","Microsoft-Windows-Security-Auditing","System.String[]","4738","9/13/2023 12:27:01 PM","9/13/2023 12:27:01 PM",,,
"4738","DESKTOP-2E8SKHK","System.Byte[]","8887","(13824)","13824","SuccessAudit","A user account was changed.

Subject:
	Security ID:		S-1-5-18
	Account Name:		WIN-D1FCJ2VBDKP$
	Account Domain:		WORKGROUP
	Logon ID:		0x3e7

Target Account:
	Security ID:		S-1-5-21-2529540908-2362371235-1068731176-503
	Account Name:		DefaultAccount
	Account Domain:		DESKTOP-2E8SKHK

Changed Attributes:
	SAM Account Name:	DefaultAccount
	Display Name:		%%1793
	User Principal Name:	-
	Home Directory:		%%1793
	Home Drive:		%%1793
	Script Path:		%%1793
	Profile Path:		%%1793
	User Workstations:	%%1793
	Password Last Set:	%%1794
	Account Expires:		%%1794
	Primary Group ID:	513
	AllowedToDelegateTo:	-
	Old UAC Value:		0x215
	New UAC Value:		0x215
	User Account Control:	-
	User Parameters:	%%1793
	SID History:		-
	Logon Hours:		%%1797

Additional Information:
	Privileges:		-","Microsoft-Windows-Security-Auditing","System.String[]","4738","9/13/2023 12:27:01 PM","9/13/2023 12:27:01 PM",,,
"4738","DESKTOP-2E8SKHK","System.Byte[]","8886","(13824)","13824","SuccessAudit","A user account was changed.

Subject:
	Security ID:		S-1-5-18
	Account Name:		WIN-D1FCJ2VBDKP$
	Account Domain:		WORKGROUP
	Logon ID:		0x3e7

Target Account:
	Security ID:		S-1-5-21-2529540908-2362371235-1068731176-503
	Account Name:		DefaultAccount
	Account Domain:		DESKTOP-2E8SKHK

Changed Attributes:
	SAM Account Name:	DefaultAccount
	Display Name:		%%1793
	User Principal Name:	-
	Home Directory:		%%1793
	Home Drive:		%%1793
	Script Path:		%%1793
	Profile Path:		%%1793
	User Workstations:	%%1793
	Password Last Set:	%%1794
	Account Expires:		%%1794
	Primary Group ID:	513
	AllowedToDelegateTo:	-
	Old UAC Value:		0x215
	New UAC Value:		0x215
	User Account Control:	-
	User Parameters:	%%1793
	SID History:		-
	Logon Hours:		%%1797

Additional Information:
	Privileges:		-","Microsoft-Windows-Security-Auditing","System.String[]","4738","9/13/2023 12:27:01 PM","9/13/2023 12:27:01 PM",,,
"4738","DESKTOP-2E8SKHK","System.Byte[]","8885","(13824)","13824","SuccessAudit","A user account was changed.

Subject:
	Security ID:		S-1-5-18
	Account Name:		WIN-D1FCJ2VBDKP$
	Account Domain:		WORKGROUP
	Logon ID:		0x3e7

Target Account:
	Security ID:		S-1-5-21-2529540908-2362371235-1068731176-501
	Account Name:		Guest
	Account Domain:		DESKTOP-2E8SKHK

Changed Attributes:
	SAM Account Name:	Guest
	Display Name:		%%1793
	User Principal Name:	-
	Home Directory:		%%1793
	Home Drive:		%%1793
	Script Path:		%%1793
	Profile Path:		%%1793
	User Workstations:	%%1793
	Password Last Set:	%%1794
	Account Expires:		%%1794
	Primary Group ID:	513
	AllowedToDelegateTo:	-
	Old UAC Value:		0x215
	New UAC Value:		0x215
	User Account Control:	-
	User Parameters:	%%1793
	SID History:		-
	Logon Hours:		%%1797

Additional Information:
	Privileges:		-","Microsoft-Windows-Security-Auditing","System.String[]","4738","9/13/2023 12:27:01 PM","9/13/2023 12:27:01 PM",,,
"4738","DESKTOP-2E8SKHK","System.Byte[]","8884","(13824)","13824","SuccessAudit","A user account was changed.

Subject:
	Security ID:		S-1-5-18
	Account Name:		WIN-D1FCJ2VBDKP$
	Account Domain:		WORKGROUP
	Logon ID:		0x3e7

Target Account:
	Security ID:		S-1-5-21-2529540908-2362371235-1068731176-501
	Account Name:		Guest
	Account Domain:		DESKTOP-2E8SKHK

Changed Attributes:
	SAM Account Name:	Guest
	Display Name:		%%1793
	User Principal Name:	-
	Home Directory:		%%1793
	Home Drive:		%%1793
	Script Path:		%%1793
	Profile Path:		%%1793
	User Workstations:	%%1793
	Password Last Set:	%%1794
	Account Expires:		%%1794
	Primary Group ID:	513
	AllowedToDelegateTo:	-
	Old UAC Value:		0x215
	New UAC Value:		0x215
	User Account Control:	-
	User Parameters:	%%1793
	SID History:		-
	Logon Hours:		%%1797

Additional Information:
	Privileges:		-","Microsoft-Windows-Security-Auditing","System.String[]","4738","9/13/2023 12:27:01 PM","9/13/2023 12:27:01 PM",,,
"4738","DESKTOP-2E8SKHK","System.Byte[]","8883","(13824)","13824","SuccessAudit","A user account was changed.

Subject:
	Security ID:		S-1-5-18
	Account Name:		WIN-D1FCJ2VBDKP$
	Account Domain:		WORKGROUP
	Logon ID:		0x3e7

Target Account:
	Security ID:		S-1-5-21-2529540908-2362371235-1068731176-500
	Account Name:		Administrator
	Account Domain:		DESKTOP-2E8SKHK

Changed Attributes:
	SAM Account Name:	Administrator
	Display Name:		%%1793
	User Principal Name:	-
	Home Directory:		%%1793
	Home Drive:		%%1793
	Script Path:		%%1793
	Profile Path:		%%1793
	User Workstations:	%%1793
	Password Last Set:	%%1794
	Account Expires:		%%1794
	Primary Group ID:	513
	AllowedToDelegateTo:	-
	Old UAC Value:		0x211
	New UAC Value:		0x211
	User Account Control:	-
	User Parameters:	%%1793
	SID History:		-
	Logon Hours:		%%1797

Additional Information:
	Privileges:		-","Microsoft-Windows-Security-Auditing","System.String[]","4738","9/13/2023 12:27:01 PM","9/13/2023 12:27:01 PM",,,
"4738","DESKTOP-2E8SKHK","System.Byte[]","8882","(13824)","13824","SuccessAudit","A user account was changed.

Subject:
	Security ID:		S-1-5-18
	Account Name:		WIN-D1FCJ2VBDKP$
	Account Domain:		WORKGROUP
	Logon ID:		0x3e7

Target Account:
	Security ID:		S-1-5-21-2529540908-2362371235-1068731176-500
	Account Name:		Administrator
	Account Domain:		DESKTOP-2E8SKHK

Changed Attributes:
	SAM Account Name:	Administrator
	Display Name:		%%1793
	User Principal Name:	-
	Home Directory:		%%1793
	Home Drive:		%%1793
	Script Path:		%%1793
	Profile Path:		%%1793
	User Workstations:	%%1793
	Password Last Set:	%%1794
	Account Expires:		%%1794
	Primary Group ID:	513
	AllowedToDelegateTo:	-
	Old UAC Value:		0x211
	New UAC Value:		0x211
	User Account Control:	-
	User Parameters:	%%1793
	SID History:		-
	Logon Hours:		%%1797

Additional Information:
	Privileges:		-","Microsoft-Windows-Security-Auditing","System.String[]","4738","9/13/2023 12:27:01 PM","9/13/2023 12:27:01 PM",,,
"4735","DESKTOP-2E8SKHK","System.Byte[]","8881","(13826)","13826","SuccessAudit","A security-enabled local group was changed.

Subject:
	Security ID:		S-1-5-18
	Account Name:		WIN-D1FCJ2VBDKP$
	Account Domain:		WORKGROUP
	Logon ID:		0x3e7

Group:
	Security ID:		S-1-5-32-583
	Group Name:		Device Owners
	Group Domain:		Builtin

Changed Attributes:
	SAM Account Name:	Device Owners
	SID History:		-

Additional Information:
	Privileges:		-","Microsoft-Windows-Security-Auditing","System.String[]","4735","9/13/2023 12:27:01 PM","9/13/2023 12:27:01 PM",,,
"4781","DESKTOP-2E8SKHK","System.Byte[]","8880","(13824)","13824","SuccessAudit","The name of an account was changed:

Subject:
	Security ID:		S-1-5-18
	Account Name:		WIN-D1FCJ2VBDKP$
	Account Domain:		WORKGROUP
	Logon ID:		0x3e7

Target Account:
	Security ID:		S-1-5-32-583
	Account Domain:		Builtin
	Old Account Name:	Device Owners
	New Account Name:	Device Owners

Additional Information:
	Privileges:		-","Microsoft-Windows-Security-Auditing","System.String[]","4781","9/13/2023 12:27:01 PM","9/13/2023 12:27:01 PM",,,
"4735","DESKTOP-2E8SKHK","System.Byte[]","8879","(13826)","13826","SuccessAudit","A security-enabled local group was changed.

Subject:
	Security ID:		S-1-5-18
	Account Name:		WIN-D1FCJ2VBDKP$
	Account Domain:		WORKGROUP
	Logon ID:		0x3e7

Group:
	Security ID:		S-1-5-32-583
	Group Name:		Device Owners
	Group Domain:		Builtin

Changed Attributes:
	SAM Account Name:	-
	SID History:		-

Additional Information:
	Privileges:		-","Microsoft-Windows-Security-Auditing","System.String[]","4735","9/13/2023 12:27:01 PM","9/13/2023 12:27:01 PM",,,
"4735","DESKTOP-2E8SKHK","System.Byte[]","8878","(13826)","13826","SuccessAudit","A security-enabled local group was changed.

Subject:
	Security ID:		S-1-5-18
	Account Name:		WIN-D1FCJ2VBDKP$
	Account Domain:		WORKGROUP
	Logon ID:		0x3e7

Group:
	Security ID:		S-1-5-32-581
	Group Name:		System Managed Accounts Group
	Group Domain:		Builtin

Changed Attributes:
	SAM Account Name:	System Managed Accounts Group
	SID History:		-

Additional Information:
	Privileges:		-","Microsoft-Windows-Security-Auditing","System.String[]","4735","9/13/2023 12:27:01 PM","9/13/2023 12:27:01 PM",,,
"4781","DESKTOP-2E8SKHK","System.Byte[]","8877","(13824)","13824","SuccessAudit","The name of an account was changed:

Subject:
	Security ID:		S-1-5-18
	Account Name:		WIN-D1FCJ2VBDKP$
	Account Domain:		WORKGROUP
	Logon ID:		0x3e7

Target Account:
	Security ID:		S-1-5-32-581
	Account Domain:		Builtin
	Old Account Name:	System Managed Accounts Group
	New Account Name:	System Managed Accounts Group

Additional Information:
	Privileges:		-","Microsoft-Windows-Security-Auditing","System.String[]","4781","9/13/2023 12:27:01 PM","9/13/2023 12:27:01 PM",,,
"4735","DESKTOP-2E8SKHK","System.Byte[]","8876","(13826)","13826","SuccessAudit","A security-enabled local group was changed.

Subject:
	Security ID:		S-1-5-18
	Account Name:		WIN-D1FCJ2VBDKP$
	Account Domain:		WORKGROUP
	Logon ID:		0x3e7

Group:
	Security ID:		S-1-5-32-581
	Group Name:		System Managed Accounts Group
	Group Domain:		Builtin

Changed Attributes:
	SAM Account Name:	-
	SID History:		-

Additional Information:
	Privileges:		-","Microsoft-Windows-Security-Auditing","System.String[]","4735","9/13/2023 12:27:01 PM","9/13/2023 12:27:01 PM",,,
"4735","DESKTOP-2E8SKHK","System.Byte[]","8875","(13826)","13826","SuccessAudit","A security-enabled local group was changed.

Subject:
	Security ID:		S-1-5-18
	Account Name:		WIN-D1FCJ2VBDKP$
	Account Domain:		WORKGROUP
	Logon ID:		0x3e7

Group:
	Security ID:		S-1-5-32-580
	Group Name:		Remote Management Users
	Group Domain:		Builtin

Changed Attributes:
	SAM Account Name:	Remote Management Users
	SID History:		-

Additional Information:
	Privileges:		-","Microsoft-Windows-Security-Auditing","System.String[]","4735","9/13/2023 12:27:01 PM","9/13/2023 12:27:01 PM",,,
"4781","DESKTOP-2E8SKHK","System.Byte[]","8874","(13824)","13824","SuccessAudit","The name of an account was changed:

Subject:
	Security ID:		S-1-5-18
	Account Name:		WIN-D1FCJ2VBDKP$
	Account Domain:		WORKGROUP
	Logon ID:		0x3e7

Target Account:
	Security ID:		S-1-5-32-580
	Account Domain:		Builtin
	Old Account Name:	Remote Management Users
	New Account Name:	Remote Management Users

Additional Information:
	Privileges:		-","Microsoft-Windows-Security-Auditing","System.String[]","4781","9/13/2023 12:27:01 PM","9/13/2023 12:27:01 PM",,,
"4735","DESKTOP-2E8SKHK","System.Byte[]","8873","(13826)","13826","SuccessAudit","A security-enabled local group was changed.

Subject:
	Security ID:		S-1-5-18
	Account Name:		WIN-D1FCJ2VBDKP$
	Account Domain:		WORKGROUP
	Logon ID:		0x3e7

Group:
	Security ID:		S-1-5-32-580
	Group Name:		Remote Management Users
	Group Domain:		Builtin

Changed Attributes:
	SAM Account Name:	-
	SID History:		-

Additional Information:
	Privileges:		-","Microsoft-Windows-Security-Auditing","System.String[]","4735","9/13/2023 12:27:01 PM","9/13/2023 12:27:01 PM",,,
"4735","DESKTOP-2E8SKHK","System.Byte[]","8872","(13826)","13826","SuccessAudit","A security-enabled local group was changed.

Subject:
	Security ID:		S-1-5-18
	Account Name:		WIN-D1FCJ2VBDKP$
	Account Domain:		WORKGROUP
	Logon ID:		0x3e7

Group:
	Security ID:		S-1-5-32-579
	Group Name:		Access Control Assistance Operators
	Group Domain:		Builtin

Changed Attributes:
	SAM Account Name:	Access Control Assistance Operators
	SID History:		-

Additional Information:
	Privileges:		-","Microsoft-Windows-Security-Auditing","System.String[]","4735","9/13/2023 12:27:01 PM","9/13/2023 12:27:01 PM",,,
"4781","DESKTOP-2E8SKHK","System.Byte[]","8871","(13824)","13824","SuccessAudit","The name of an account was changed:

Subject:
	Security ID:		S-1-5-18
	Account Name:		WIN-D1FCJ2VBDKP$
	Account Domain:		WORKGROUP
	Logon ID:		0x3e7

Target Account:
	Security ID:		S-1-5-32-579
	Account Domain:		Builtin
	Old Account Name:	Access Control Assistance Operators
	New Account Name:	Access Control Assistance Operators

Additional Information:
	Privileges:		-","Microsoft-Windows-Security-Auditing","System.String[]","4781","9/13/2023 12:27:01 PM","9/13/2023 12:27:01 PM",,,
"4735","DESKTOP-2E8SKHK","System.Byte[]","8870","(13826)","13826","SuccessAudit","A security-enabled local group was changed.

Subject:
	Security ID:		S-1-5-18
	Account Name:		WIN-D1FCJ2VBDKP$
	Account Domain:		WORKGROUP
	Logon ID:		0x3e7

Group:
	Security ID:		S-1-5-32-579
	Group Name:		Access Control Assistance Operators
	Group Domain:		Builtin

Changed Attributes:
	SAM Account Name:	-
	SID History:		-

Additional Information:
	Privileges:		-","Microsoft-Windows-Security-Auditing","System.String[]","4735","9/13/2023 12:27:01 PM","9/13/2023 12:27:01 PM",,,
"4735","DESKTOP-2E8SKHK","System.Byte[]","8869","(13826)","13826","SuccessAudit","A security-enabled local group was changed.

Subject:
	Security ID:		S-1-5-18
	Account Name:		WIN-D1FCJ2VBDKP$
	Account Domain:		WORKGROUP
	Logon ID:		0x3e7

Group:
	Security ID:		S-1-5-32-578
	Group Name:		Hyper-V Administrators
	Group Domain:		Builtin

Changed Attributes:
	SAM Account Name:	Hyper-V Administrators
	SID History:		-

Additional Information:
	Privileges:		-","Microsoft-Windows-Security-Auditing","System.String[]","4735","9/13/2023 12:27:01 PM","9/13/2023 12:27:01 PM",,,
"4781","DESKTOP-2E8SKHK","System.Byte[]","8868","(13824)","13824","SuccessAudit","The name of an account was changed:

Subject:
	Security ID:		S-1-5-18
	Account Name:		WIN-D1FCJ2VBDKP$
	Account Domain:		WORKGROUP
	Logon ID:		0x3e7

Target Account:
	Security ID:		S-1-5-32-578
	Account Domain:		Builtin
	Old Account Name:	Hyper-V Administrators
	New Account Name:	Hyper-V Administrators

Additional Information:
	Privileges:		-","Microsoft-Windows-Security-Auditing","System.String[]","4781","9/13/2023 12:27:01 PM","9/13/2023 12:27:01 PM",,,
"4735","DESKTOP-2E8SKHK","System.Byte[]","8867","(13826)","13826","SuccessAudit","A security-enabled local group was changed.

Subject:
	Security ID:		S-1-5-18
	Account Name:		WIN-D1FCJ2VBDKP$
	Account Domain:		WORKGROUP
	Logon ID:		0x3e7

Group:
	Security ID:		S-1-5-32-578
	Group Name:		Hyper-V Administrators
	Group Domain:		Builtin

Changed Attributes:
	SAM Account Name:	-
	SID History:		-

Additional Information:
	Privileges:		-","Microsoft-Windows-Security-Auditing","System.String[]","4735","9/13/2023 12:27:01 PM","9/13/2023 12:27:01 PM",,,
"4735","DESKTOP-2E8SKHK","System.Byte[]","8866","(13826)","13826","SuccessAudit","A security-enabled local group was changed.

Subject:
	Security ID:		S-1-5-18
	Account Name:		WIN-D1FCJ2VBDKP$
	Account Domain:		WORKGROUP
	Logon ID:		0x3e7

Group:
	Security ID:		S-1-5-32-573
	Group Name:		Event Log Readers
	Group Domain:		Builtin

Changed Attributes:
	SAM Account Name:	Event Log Readers
	SID History:		-

Additional Information:
	Privileges:		-","Microsoft-Windows-Security-Auditing","System.String[]","4735","9/13/2023 12:27:01 PM","9/13/2023 12:27:01 PM",,,
"4781","DESKTOP-2E8SKHK","System.Byte[]","8865","(13824)","13824","SuccessAudit","The name of an account was changed:

Subject:
	Security ID:		S-1-5-18
	Account Name:		WIN-D1FCJ2VBDKP$
	Account Domain:		WORKGROUP
	Logon ID:		0x3e7

Target Account:
	Security ID:		S-1-5-32-573
	Account Domain:		Builtin
	Old Account Name:	Event Log Readers
	New Account Name:	Event Log Readers

Additional Information:
	Privileges:		-","Microsoft-Windows-Security-Auditing","System.String[]","4781","9/13/2023 12:27:01 PM","9/13/2023 12:27:01 PM",,,
"4735","DESKTOP-2E8SKHK","System.Byte[]","8864","(13826)","13826","SuccessAudit","A security-enabled local group was changed.

Subject:
	Security ID:		S-1-5-18
	Account Name:		WIN-D1FCJ2VBDKP$
	Account Domain:		WORKGROUP
	Logon ID:		0x3e7

Group:
	Security ID:		S-1-5-32-573
	Group Name:		Event Log Readers
	Group Domain:		Builtin

Changed Attributes:
	SAM Account Name:	-
	SID History:		-

Additional Information:
	Privileges:		-","Microsoft-Windows-Security-Auditing","System.String[]","4735","9/13/2023 12:27:01 PM","9/13/2023 12:27:01 PM",,,
"4735","DESKTOP-2E8SKHK","System.Byte[]","8863","(13826)","13826","SuccessAudit","A security-enabled local group was changed.

Subject:
	Security ID:		S-1-5-18
	Account Name:		WIN-D1FCJ2VBDKP$
	Account Domain:		WORKGROUP
	Logon ID:		0x3e7

Group:
	Security ID:		S-1-5-32-569
	Group Name:		Cryptographic Operators
	Group Domain:		Builtin

Changed Attributes:
	SAM Account Name:	Cryptographic Operators
	SID History:		-

Additional Information:
	Privileges:		-","Microsoft-Windows-Security-Auditing","System.String[]","4735","9/13/2023 12:27:01 PM","9/13/2023 12:27:01 PM",,,
"4781","DESKTOP-2E8SKHK","System.Byte[]","8862","(13824)","13824","SuccessAudit","The name of an account was changed:

Subject:
	Security ID:		S-1-5-18
	Account Name:		WIN-D1FCJ2VBDKP$
	Account Domain:		WORKGROUP
	Logon ID:		0x3e7

Target Account:
	Security ID:		S-1-5-32-569
	Account Domain:		Builtin
	Old Account Name:	Cryptographic Operators
	New Account Name:	Cryptographic Operators

Additional Information:
	Privileges:		-","Microsoft-Windows-Security-Auditing","System.String[]","4781","9/13/2023 12:27:01 PM","9/13/2023 12:27:01 PM",,,
"4735","DESKTOP-2E8SKHK","System.Byte[]","8861","(13826)","13826","SuccessAudit","A security-enabled local group was changed.

Subject:
	Security ID:		S-1-5-18
	Account Name:		WIN-D1FCJ2VBDKP$
	Account Domain:		WORKGROUP
	Logon ID:		0x3e7

Group:
	Security ID:		S-1-5-32-569
	Group Name:		Cryptographic Operators
	Group Domain:		Builtin

Changed Attributes:
	SAM Account Name:	-
	SID History:		-

Additional Information:
	Privileges:		-","Microsoft-Windows-Security-Auditing","System.String[]","4735","9/13/2023 12:27:01 PM","9/13/2023 12:27:01 PM",,,
"4735","DESKTOP-2E8SKHK","System.Byte[]","8860","(13826)","13826","SuccessAudit","A security-enabled local group was changed.

Subject:
	Security ID:		S-1-5-18
	Account Name:		WIN-D1FCJ2VBDKP$
	Account Domain:		WORKGROUP
	Logon ID:		0x3e7

Group:
	Security ID:		S-1-5-32-568
	Group Name:		IIS_IUSRS
	Group Domain:		Builtin

Changed Attributes:
	SAM Account Name:	IIS_IUSRS
	SID History:		-

Additional Information:
	Privileges:		-","Microsoft-Windows-Security-Auditing","System.String[]","4735","9/13/2023 12:27:01 PM","9/13/2023 12:27:01 PM",,,
"4781","DESKTOP-2E8SKHK","System.Byte[]","8859","(13824)","13824","SuccessAudit","The name of an account was changed:

Subject:
	Security ID:		S-1-5-18
	Account Name:		WIN-D1FCJ2VBDKP$
	Account Domain:		WORKGROUP
	Logon ID:		0x3e7

Target Account:
	Security ID:		S-1-5-32-568
	Account Domain:		Builtin
	Old Account Name:	IIS_IUSRS
	New Account Name:	IIS_IUSRS

Additional Information:
	Privileges:		-","Microsoft-Windows-Security-Auditing","System.String[]","4781","9/13/2023 12:27:01 PM","9/13/2023 12:27:01 PM",,,
"4735","DESKTOP-2E8SKHK","System.Byte[]","8858","(13826)","13826","SuccessAudit","A security-enabled local group was changed.

Subject:
	Security ID:		S-1-5-18
	Account Name:		WIN-D1FCJ2VBDKP$
	Account Domain:		WORKGROUP
	Logon ID:		0x3e7

Group:
	Security ID:		S-1-5-32-568
	Group Name:		IIS_IUSRS
	Group Domain:		Builtin

Changed Attributes:
	SAM Account Name:	-
	SID History:		-

Additional Information:
	Privileges:		-","Microsoft-Windows-Security-Auditing","System.String[]","4735","9/13/2023 12:27:01 PM","9/13/2023 12:27:01 PM",,,
"4735","DESKTOP-2E8SKHK","System.Byte[]","8857","(13826)","13826","SuccessAudit","A security-enabled local group was changed.

Subject:
	Security ID:		S-1-5-18
	Account Name:		WIN-D1FCJ2VBDKP$
	Account Domain:		WORKGROUP
	Logon ID:		0x3e7

Group:
	Security ID:		S-1-5-32-562
	Group Name:		Distributed COM Users
	Group Domain:		Builtin

Changed Attributes:
	SAM Account Name:	Distributed COM Users
	SID History:		-

Additional Information:
	Privileges:		-","Microsoft-Windows-Security-Auditing","System.String[]","4735","9/13/2023 12:27:01 PM","9/13/2023 12:27:01 PM",,,
"4781","DESKTOP-2E8SKHK","System.Byte[]","8856","(13824)","13824","SuccessAudit","The name of an account was changed:

Subject:
	Security ID:		S-1-5-18
	Account Name:		WIN-D1FCJ2VBDKP$
	Account Domain:		WORKGROUP
	Logon ID:		0x3e7

Target Account:
	Security ID:		S-1-5-32-562
	Account Domain:		Builtin
	Old Account Name:	Distributed COM Users
	New Account Name:	Distributed COM Users

Additional Information:
	Privileges:		-","Microsoft-Windows-Security-Auditing","System.String[]","4781","9/13/2023 12:27:01 PM","9/13/2023 12:27:01 PM",,,
"4735","DESKTOP-2E8SKHK","System.Byte[]","8855","(13826)","13826","SuccessAudit","A security-enabled local group was changed.

Subject:
	Security ID:		S-1-5-18
	Account Name:		WIN-D1FCJ2VBDKP$
	Account Domain:		WORKGROUP
	Logon ID:		0x3e7

Group:
	Security ID:		S-1-5-32-562
	Group Name:		Distributed COM Users
	Group Domain:		Builtin

Changed Attributes:
	SAM Account Name:	-
	SID History:		-

Additional Information:
	Privileges:		-","Microsoft-Windows-Security-Auditing","System.String[]","4735","9/13/2023 12:27:01 PM","9/13/2023 12:27:01 PM",,,
"4735","DESKTOP-2E8SKHK","System.Byte[]","8854","(13826)","13826","SuccessAudit","A security-enabled local group was changed.

Subject:
	Security ID:		S-1-5-18
	Account Name:		WIN-D1FCJ2VBDKP$
	Account Domain:		WORKGROUP
	Logon ID:		0x3e7

Group:
	Security ID:		S-1-5-32-559
	Group Name:		Performance Log Users
	Group Domain:		Builtin

Changed Attributes:
	SAM Account Name:	Performance Log Users
	SID History:		-

Additional Information:
	Privileges:		-","Microsoft-Windows-Security-Auditing","System.String[]","4735","9/13/2023 12:27:01 PM","9/13/2023 12:27:01 PM",,,
"4781","DESKTOP-2E8SKHK","System.Byte[]","8853","(13824)","13824","SuccessAudit","The name of an account was changed:

Subject:
	Security ID:		S-1-5-18
	Account Name:		WIN-D1FCJ2VBDKP$
	Account Domain:		WORKGROUP
	Logon ID:		0x3e7

Target Account:
	Security ID:		S-1-5-32-559
	Account Domain:		Builtin
	Old Account Name:	Performance Log Users
	New Account Name:	Performance Log Users

Additional Information:
	Privileges:		-","Microsoft-Windows-Security-Auditing","System.String[]","4781","9/13/2023 12:27:01 PM","9/13/2023 12:27:01 PM",,,
"4735","DESKTOP-2E8SKHK","System.Byte[]","8852","(13826)","13826","SuccessAudit","A security-enabled local group was changed.

Subject:
	Security ID:		S-1-5-18
	Account Name:		WIN-D1FCJ2VBDKP$
	Account Domain:		WORKGROUP
	Logon ID:		0x3e7

Group:
	Security ID:		S-1-5-32-559
	Group Name:		Performance Log Users
	Group Domain:		Builtin

Changed Attributes:
	SAM Account Name:	-
	SID History:		-

Additional Information:
	Privileges:		-","Microsoft-Windows-Security-Auditing","System.String[]","4735","9/13/2023 12:27:01 PM","9/13/2023 12:27:01 PM",,,
"4735","DESKTOP-2E8SKHK","System.Byte[]","8851","(13826)","13826","SuccessAudit","A security-enabled local group was changed.

Subject:
	Security ID:		S-1-5-18
	Account Name:		WIN-D1FCJ2VBDKP$
	Account Domain:		WORKGROUP
	Logon ID:		0x3e7

Group:
	Security ID:		S-1-5-32-558
	Group Name:		Performance Monitor Users
	Group Domain:		Builtin

Changed Attributes:
	SAM Account Name:	Performance Monitor Users
	SID History:		-

Additional Information:
	Privileges:		-","Microsoft-Windows-Security-Auditing","System.String[]","4735","9/13/2023 12:27:01 PM","9/13/2023 12:27:01 PM",,,
"4781","DESKTOP-2E8SKHK","System.Byte[]","8850","(13824)","13824","SuccessAudit","The name of an account was changed:

Subject:
	Security ID:		S-1-5-18
	Account Name:		WIN-D1FCJ2VBDKP$
	Account Domain:		WORKGROUP
	Logon ID:		0x3e7

Target Account:
	Security ID:		S-1-5-32-558
	Account Domain:		Builtin
	Old Account Name:	Performance Monitor Users
	New Account Name:	Performance Monitor Users

Additional Information:
	Privileges:		-","Microsoft-Windows-Security-Auditing","System.String[]","4781","9/13/2023 12:27:01 PM","9/13/2023 12:27:01 PM",,,
"4735","DESKTOP-2E8SKHK","System.Byte[]","8849","(13826)","13826","SuccessAudit","A security-enabled local group was changed.

Subject:
	Security ID:		S-1-5-18
	Account Name:		WIN-D1FCJ2VBDKP$
	Account Domain:		WORKGROUP
	Logon ID:		0x3e7

Group:
	Security ID:		S-1-5-32-558
	Group Name:		Performance Monitor Users
	Group Domain:		Builtin

Changed Attributes:
	SAM Account Name:	-
	SID History:		-

Additional Information:
	Privileges:		-","Microsoft-Windows-Security-Auditing","System.String[]","4735","9/13/2023 12:27:01 PM","9/13/2023 12:27:01 PM",,,
"4735","DESKTOP-2E8SKHK","System.Byte[]","8848","(13826)","13826","SuccessAudit","A security-enabled local group was changed.

Subject:
	Security ID:		S-1-5-18
	Account Name:		WIN-D1FCJ2VBDKP$
	Account Domain:		WORKGROUP
	Logon ID:		0x3e7

Group:
	Security ID:		S-1-5-32-547
	Group Name:		Power Users
	Group Domain:		Builtin

Changed Attributes:
	SAM Account Name:	Power Users
	SID History:		-

Additional Information:
	Privileges:		-","Microsoft-Windows-Security-Auditing","System.String[]","4735","9/13/2023 12:27:01 PM","9/13/2023 12:27:01 PM",,,
"4781","DESKTOP-2E8SKHK","System.Byte[]","8847","(13824)","13824","SuccessAudit","The name of an account was changed:

Subject:
	Security ID:		S-1-5-18
	Account Name:		WIN-D1FCJ2VBDKP$
	Account Domain:		WORKGROUP
	Logon ID:		0x3e7

Target Account:
	Security ID:		S-1-5-32-547
	Account Domain:		Builtin
	Old Account Name:	Power Users
	New Account Name:	Power Users

Additional Information:
	Privileges:		-","Microsoft-Windows-Security-Auditing","System.String[]","4781","9/13/2023 12:27:01 PM","9/13/2023 12:27:01 PM",,,
"4735","DESKTOP-2E8SKHK","System.Byte[]","8846","(13826)","13826","SuccessAudit","A security-enabled local group was changed.

Subject:
	Security ID:		S-1-5-18
	Account Name:		WIN-D1FCJ2VBDKP$
	Account Domain:		WORKGROUP
	Logon ID:		0x3e7

Group:
	Security ID:		S-1-5-32-547
	Group Name:		Power Users
	Group Domain:		Builtin

Changed Attributes:
	SAM Account Name:	-
	SID History:		-

Additional Information:
	Privileges:		-","Microsoft-Windows-Security-Auditing","System.String[]","4735","9/13/2023 12:27:01 PM","9/13/2023 12:27:01 PM",,,
"4735","DESKTOP-2E8SKHK","System.Byte[]","8845","(13826)","13826","SuccessAudit","A security-enabled local group was changed.

Subject:
	Security ID:		S-1-5-18
	Account Name:		WIN-D1FCJ2VBDKP$
	Account Domain:		WORKGROUP
	Logon ID:		0x3e7

Group:
	Security ID:		S-1-5-32-556
	Group Name:		Network Configuration Operators
	Group Domain:		Builtin

Changed Attributes:
	SAM Account Name:	Network Configuration Operators
	SID History:		-

Additional Information:
	Privileges:		-","Microsoft-Windows-Security-Auditing","System.String[]","4735","9/13/2023 12:27:01 PM","9/13/2023 12:27:01 PM",,,
"4781","DESKTOP-2E8SKHK","System.Byte[]","8844","(13824)","13824","SuccessAudit","The name of an account was changed:

Subject:
	Security ID:		S-1-5-18
	Account Name:		WIN-D1FCJ2VBDKP$
	Account Domain:		WORKGROUP
	Logon ID:		0x3e7

Target Account:
	Security ID:		S-1-5-32-556
	Account Domain:		Builtin
	Old Account Name:	Network Configuration Operators
	New Account Name:	Network Configuration Operators

Additional Information:
	Privileges:		-","Microsoft-Windows-Security-Auditing","System.String[]","4781","9/13/2023 12:27:01 PM","9/13/2023 12:27:01 PM",,,
"4735","DESKTOP-2E8SKHK","System.Byte[]","8843","(13826)","13826","SuccessAudit","A security-enabled local group was changed.

Subject:
	Security ID:		S-1-5-18
	Account Name:		WIN-D1FCJ2VBDKP$
	Account Domain:		WORKGROUP
	Logon ID:		0x3e7

Group:
	Security ID:		S-1-5-32-556
	Group Name:		Network Configuration Operators
	Group Domain:		Builtin

Changed Attributes:
	SAM Account Name:	-
	SID History:		-

Additional Information:
	Privileges:		-","Microsoft-Windows-Security-Auditing","System.String[]","4735","9/13/2023 12:27:01 PM","9/13/2023 12:27:01 PM",,,
"4735","DESKTOP-2E8SKHK","System.Byte[]","8842","(13826)","13826","SuccessAudit","A security-enabled local group was changed.

Subject:
	Security ID:		S-1-5-18
	Account Name:		WIN-D1FCJ2VBDKP$
	Account Domain:		WORKGROUP
	Logon ID:		0x3e7

Group:
	Security ID:		S-1-5-32-555
	Group Name:		Remote Desktop Users
	Group Domain:		Builtin

Changed Attributes:
	SAM Account Name:	Remote Desktop Users
	SID History:		-

Additional Information:
	Privileges:		-","Microsoft-Windows-Security-Auditing","System.String[]","4735","9/13/2023 12:27:01 PM","9/13/2023 12:27:01 PM",,,
"4781","DESKTOP-2E8SKHK","System.Byte[]","8841","(13824)","13824","SuccessAudit","The name of an account was changed:

Subject:
	Security ID:		S-1-5-18
	Account Name:		WIN-D1FCJ2VBDKP$
	Account Domain:		WORKGROUP
	Logon ID:		0x3e7

Target Account:
	Security ID:		S-1-5-32-555
	Account Domain:		Builtin
	Old Account Name:	Remote Desktop Users
	New Account Name:	Remote Desktop Users

Additional Information:
	Privileges:		-","Microsoft-Windows-Security-Auditing","System.String[]","4781","9/13/2023 12:27:01 PM","9/13/2023 12:27:01 PM",,,
"4735","DESKTOP-2E8SKHK","System.Byte[]","8840","(13826)","13826","SuccessAudit","A security-enabled local group was changed.

Subject:
	Security ID:		S-1-5-18
	Account Name:		WIN-D1FCJ2VBDKP$
	Account Domain:		WORKGROUP
	Logon ID:		0x3e7

Group:
	Security ID:		S-1-5-32-555
	Group Name:		Remote Desktop Users
	Group Domain:		Builtin

Changed Attributes:
	SAM Account Name:	-
	SID History:		-

Additional Information:
	Privileges:		-","Microsoft-Windows-Security-Auditing","System.String[]","4735","9/13/2023 12:27:01 PM","9/13/2023 12:27:01 PM",,,
"4735","DESKTOP-2E8SKHK","System.Byte[]","8839","(13826)","13826","SuccessAudit","A security-enabled local group was changed.

Subject:
	Security ID:		S-1-5-18
	Account Name:		WIN-D1FCJ2VBDKP$
	Account Domain:		WORKGROUP
	Logon ID:		0x3e7

Group:
	Security ID:		S-1-5-32-552
	Group Name:		Replicator
	Group Domain:		Builtin

Changed Attributes:
	SAM Account Name:	Replicator
	SID History:		-

Additional Information:
	Privileges:		-","Microsoft-Windows-Security-Auditing","System.String[]","4735","9/13/2023 12:27:01 PM","9/13/2023 12:27:01 PM",,,
"4781","DESKTOP-2E8SKHK","System.Byte[]","8838","(13824)","13824","SuccessAudit","The name of an account was changed:

Subject:
	Security ID:		S-1-5-18
	Account Name:		WIN-D1FCJ2VBDKP$
	Account Domain:		WORKGROUP
	Logon ID:		0x3e7

Target Account:
	Security ID:		S-1-5-32-552
	Account Domain:		Builtin
	Old Account Name:	Replicator
	New Account Name:	Replicator

Additional Information:
	Privileges:		-","Microsoft-Windows-Security-Auditing","System.String[]","4781","9/13/2023 12:27:01 PM","9/13/2023 12:27:01 PM",,,
"4735","DESKTOP-2E8SKHK","System.Byte[]","8837","(13826)","13826","SuccessAudit","A security-enabled local group was changed.

Subject:
	Security ID:		S-1-5-18
	Account Name:		WIN-D1FCJ2VBDKP$
	Account Domain:		WORKGROUP
	Logon ID:		0x3e7

Group:
	Security ID:		S-1-5-32-552
	Group Name:		Replicator
	Group Domain:		Builtin

Changed Attributes:
	SAM Account Name:	-
	SID History:		-

Additional Information:
	Privileges:		-","Microsoft-Windows-Security-Auditing","System.String[]","4735","9/13/2023 12:27:01 PM","9/13/2023 12:27:01 PM",,,
"4735","DESKTOP-2E8SKHK","System.Byte[]","8836","(13826)","13826","SuccessAudit","A security-enabled local group was changed.

Subject:
	Security ID:		S-1-5-18
	Account Name:		WIN-D1FCJ2VBDKP$
	Account Domain:		WORKGROUP
	Logon ID:		0x3e7

Group:
	Security ID:		S-1-5-32-551
	Group Name:		Backup Operators
	Group Domain:		Builtin

Changed Attributes:
	SAM Account Name:	Backup Operators
	SID History:		-

Additional Information:
	Privileges:		-","Microsoft-Windows-Security-Auditing","System.String[]","4735","9/13/2023 12:27:01 PM","9/13/2023 12:27:01 PM",,,
"4781","DESKTOP-2E8SKHK","System.Byte[]","8835","(13824)","13824","SuccessAudit","The name of an account was changed:

Subject:
	Security ID:		S-1-5-18
	Account Name:		WIN-D1FCJ2VBDKP$
	Account Domain:		WORKGROUP
	Logon ID:		0x3e7

Target Account:
	Security ID:		S-1-5-32-551
	Account Domain:		Builtin
	Old Account Name:	Backup Operators
	New Account Name:	Backup Operators

Additional Information:
	Privileges:		-","Microsoft-Windows-Security-Auditing","System.String[]","4781","9/13/2023 12:27:01 PM","9/13/2023 12:27:01 PM",,,
"4735","DESKTOP-2E8SKHK","System.Byte[]","8834","(13826)","13826","SuccessAudit","A security-enabled local group was changed.

Subject:
	Security ID:		S-1-5-18
	Account Name:		WIN-D1FCJ2VBDKP$
	Account Domain:		WORKGROUP
	Logon ID:		0x3e7

Group:
	Security ID:		S-1-5-32-551
	Group Name:		Backup Operators
	Group Domain:		Builtin

Changed Attributes:
	SAM Account Name:	-
	SID History:		-

Additional Information:
	Privileges:		-","Microsoft-Windows-Security-Auditing","System.String[]","4735","9/13/2023 12:27:01 PM","9/13/2023 12:27:01 PM",,,
"4735","DESKTOP-2E8SKHK","System.Byte[]","8833","(13826)","13826","SuccessAudit","A security-enabled local group was changed.

Subject:
	Security ID:		S-1-5-18
	Account Name:		WIN-D1FCJ2VBDKP$
	Account Domain:		WORKGROUP
	Logon ID:		0x3e7

Group:
	Security ID:		S-1-5-32-546
	Group Name:		Guests
	Group Domain:		Builtin

Changed Attributes:
	SAM Account Name:	Guests
	SID History:		-

Additional Information:
	Privileges:		-","Microsoft-Windows-Security-Auditing","System.String[]","4735","9/13/2023 12:27:01 PM","9/13/2023 12:27:01 PM",,,
"4781","DESKTOP-2E8SKHK","System.Byte[]","8832","(13824)","13824","SuccessAudit","The name of an account was changed:

Subject:
	Security ID:		S-1-5-18
	Account Name:		WIN-D1FCJ2VBDKP$
	Account Domain:		WORKGROUP
	Logon ID:		0x3e7

Target Account:
	Security ID:		S-1-5-32-546
	Account Domain:		Builtin
	Old Account Name:	Guests
	New Account Name:	Guests

Additional Information:
	Privileges:		-","Microsoft-Windows-Security-Auditing","System.String[]","4781","9/13/2023 12:27:01 PM","9/13/2023 12:27:01 PM",,,
"4735","DESKTOP-2E8SKHK","System.Byte[]","8831","(13826)","13826","SuccessAudit","A security-enabled local group was changed.

Subject:
	Security ID:		S-1-5-18
	Account Name:		WIN-D1FCJ2VBDKP$
	Account Domain:		WORKGROUP
	Logon ID:		0x3e7

Group:
	Security ID:		S-1-5-32-546
	Group Name:		Guests
	Group Domain:		Builtin

Changed Attributes:
	SAM Account Name:	-
	SID History:		-

Additional Information:
	Privileges:		-","Microsoft-Windows-Security-Auditing","System.String[]","4735","9/13/2023 12:27:01 PM","9/13/2023 12:27:01 PM",,,
"4735","DESKTOP-2E8SKHK","System.Byte[]","8830","(13826)","13826","SuccessAudit","A security-enabled local group was changed.

Subject:
	Security ID:		S-1-5-18
	Account Name:		WIN-D1FCJ2VBDKP$
	Account Domain:		WORKGROUP
	Logon ID:		0x3e7

Group:
	Security ID:		S-1-5-32-545
	Group Name:		Users
	Group Domain:		Builtin

Changed Attributes:
	SAM Account Name:	Users
	SID History:		-

Additional Information:
	Privileges:		-","Microsoft-Windows-Security-Auditing","System.String[]","4735","9/13/2023 12:27:01 PM","9/13/2023 12:27:01 PM",,,
"4781","DESKTOP-2E8SKHK","System.Byte[]","8829","(13824)","13824","SuccessAudit","The name of an account was changed:

Subject:
	Security ID:		S-1-5-18
	Account Name:		WIN-D1FCJ2VBDKP$
	Account Domain:		WORKGROUP
	Logon ID:		0x3e7

Target Account:
	Security ID:		S-1-5-32-545
	Account Domain:		Builtin
	Old Account Name:	Users
	New Account Name:	Users

Additional Information:
	Privileges:		-","Microsoft-Windows-Security-Auditing","System.String[]","4781","9/13/2023 12:27:01 PM","9/13/2023 12:27:01 PM",,,
"4735","DESKTOP-2E8SKHK","System.Byte[]","8828","(13826)","13826","SuccessAudit","A security-enabled local group was changed.

Subject:
	Security ID:		S-1-5-18
	Account Name:		WIN-D1FCJ2VBDKP$
	Account Domain:		WORKGROUP
	Logon ID:		0x3e7

Group:
	Security ID:		S-1-5-32-545
	Group Name:		Users
	Group Domain:		Builtin

Changed Attributes:
	SAM Account Name:	-
	SID History:		-

Additional Information:
	Privileges:		-","Microsoft-Windows-Security-Auditing","System.String[]","4735","9/13/2023 12:27:01 PM","9/13/2023 12:27:01 PM",,,
"4735","DESKTOP-2E8SKHK","System.Byte[]","8827","(13826)","13826","SuccessAudit","A security-enabled local group was changed.

Subject:
	Security ID:		S-1-5-18
	Account Name:		WIN-D1FCJ2VBDKP$
	Account Domain:		WORKGROUP
	Logon ID:		0x3e7

Group:
	Security ID:		S-1-5-32-544
	Group Name:		Administrators
	Group Domain:		Builtin

Changed Attributes:
	SAM Account Name:	Administrators
	SID History:		-

Additional Information:
	Privileges:		-","Microsoft-Windows-Security-Auditing","System.String[]","4735","9/13/2023 12:27:01 PM","9/13/2023 12:27:01 PM",,,
"4781","DESKTOP-2E8SKHK","System.Byte[]","8826","(13824)","13824","SuccessAudit","The name of an account was changed:

Subject:
	Security ID:		S-1-5-18
	Account Name:		WIN-D1FCJ2VBDKP$
	Account Domain:		WORKGROUP
	Logon ID:		0x3e7

Target Account:
	Security ID:		S-1-5-32-544
	Account Domain:		Builtin
	Old Account Name:	Administrators
	New Account Name:	Administrators

Additional Information:
	Privileges:		-","Microsoft-Windows-Security-Auditing","System.String[]","4781","9/13/2023 12:27:01 PM","9/13/2023 12:27:01 PM",,,
"4735","DESKTOP-2E8SKHK","System.Byte[]","8825","(13826)","13826","SuccessAudit","A security-enabled local group was changed.

Subject:
	Security ID:		S-1-5-18
	Account Name:		WIN-D1FCJ2VBDKP$
	Account Domain:		WORKGROUP
	Logon ID:		0x3e7

Group:
	Security ID:		S-1-5-32-544
	Group Name:		Administrators
	Group Domain:		Builtin

Changed Attributes:
	SAM Account Name:	-
	SID History:		-

Additional Information:
	Privileges:		-","Microsoft-Windows-Security-Auditing","System.String[]","4735","9/13/2023 12:27:01 PM","9/13/2023 12:27:01 PM",,,
"4672","DESKTOP-2E8SKHK","System.Byte[]","8824","(12548)","12548","SuccessAudit","Special privileges assigned to new logon.

Subject:
	Security ID:		S-1-5-18
	Account Name:		SYSTEM
	Account Domain:		NT AUTHORITY
	Logon ID:		0x3e7

Privileges:		SeAssignPrimaryTokenPrivilege
			SeTcbPrivilege
			SeSecurityPrivilege
			SeTakeOwnershipPrivilege
			SeLoadDriverPrivilege
			SeBackupPrivilege
			SeRestorePrivilege
			SeDebugPrivilege
			SeAuditPrivilege
			SeSystemEnvironmentPrivilege
			SeImpersonatePrivilege
			SeDelegateSessionUserImpersonatePrivilege","Microsoft-Windows-Security-Auditing","System.String[]","4672","9/13/2023 12:27:01 PM","9/13/2023 12:27:01 PM",,,
"4624","DESKTOP-2E8SKHK","System.Byte[]","8823","(12544)","12544","SuccessAudit","An account was successfully logged on.

Subject:
	Security ID:		S-1-5-18
	Account Name:		WIN-D1FCJ2VBDKP$
	Account Domain:		WORKGROUP
	Logon ID:		0x3e7

Logon Information:
	Logon Type:		5
	Restricted Admin Mode:	-
	Virtual Account:		%%1843
	Elevated Token:		%%1842

Impersonation Level:		%%1833

New Logon:
	Security ID:		S-1-5-18
	Account Name:		SYSTEM
	Account Domain:		NT AUTHORITY
	Logon ID:		0x3e7
	Linked Logon ID:		0x0
	Network Account Name:	-
	Network Account Domain:	-
	Logon GUID:		{00000000-0000-0000-0000-000000000000}

Process Information:
	Process ID:		0x280
	Process Name:		C:\Windows\System32\services.exe

Network Information:
	Workstation Name:	-
	Source Network Address:	-
	Source Port:		-

Detailed Authentication Information:
	Logon Process:		Advapi  
	Authentication Package:	Negotiate
	Transited Services:	-
	Package Name (NTLM only):	-
	Key Length:		0

This event is generated when a logon session is created. It is generated on the computer that was accessed.

The subject fields indicate the account on the local system which requested the logon. This is most commonly a service such as the Server service, or a local process such as Winlogon.exe or Services.exe.

The logon type field indicates the kind of logon that occurred. The most common types are 2 (interactive) and 3 (network).

The New Logon fields indicate the account for whom the new logon was created, i.e. the account that was logged on.

The network fields indicate where a remote logon request originated. Workstation name is not always available and may be left blank in some cases.

The impersonation level field indicates the extent to which a process in the logon session can impersonate.

The authentication information fields provide detailed information about this specific logon request.
	- Logon GUID is a unique identifier that can be used to correlate this event with a KDC event.
	- Transited services indicate which intermediate services have participated in this logon request.
	- Package name indicates which sub-protocol was used among the NTLM protocols.
	- Key length indicates the length of the generated session key. This will be 0 if no session key was requested.","Microsoft-Windows-Security-Auditing","System.String[]","4624","9/13/2023 12:27:01 PM","9/13/2023 12:27:01 PM",,,
"4672","DESKTOP-2E8SKHK","System.Byte[]","8822","(12548)","12548","SuccessAudit","Special privileges assigned to new logon.

Subject:
	Security ID:		S-1-5-18
	Account Name:		SYSTEM
	Account Domain:		NT AUTHORITY
	Logon ID:		0x3e7

Privileges:		SeAssignPrimaryTokenPrivilege
			SeTcbPrivilege
			SeSecurityPrivilege
			SeTakeOwnershipPrivilege
			SeLoadDriverPrivilege
			SeBackupPrivilege
			SeRestorePrivilege
			SeDebugPrivilege
			SeAuditPrivilege
			SeSystemEnvironmentPrivilege
			SeImpersonatePrivilege
			SeDelegateSessionUserImpersonatePrivilege","Microsoft-Windows-Security-Auditing","System.String[]","4672","9/13/2023 12:27:00 PM","9/13/2023 12:27:00 PM",,,
