"5379","DESKTOP-2E8SKHK","System.Byte[]","8994","(13824)","13824","SuccessAudit","Credential Manager credentials were read.

Subject:
	Security ID:		S-1-5-20
	Account Name:		WIN-D1FCJ2VBDKP$
	Account Domain:		WORKGROUP
	Logon ID:		0x3e4
	Read Operation:		%%8099

This event occurs when a user performs a read operation on stored credentials in Credential Manager.","Microsoft-Windows-Security-Auditing","System.String[]","5379","9/13/2023 12:26:27 PM","9/13/2023 12:26:27 PM",,,
"5061","DESKTOP-2E8SKHK","System.Byte[]","8993","(12290)","12290","SuccessAudit","Cryptographic operation.

Subject:
	Security ID:		S-1-5-18
	Account Name:		WIN-D1FCJ2VBDKP$
	Account Domain:		WORKGROUP
	Logon ID:		0x3e7

Cryptographic Parameters:
	Provider Name:	Microsoft Software Key Storage Provider
	Algorithm Name:	RSA
	Key Name:	72b70832-46a5-76ed-6909-a969b2968218
	Key Type:	%%2500

Cryptographic Operation:
	Operation:	%%2480
	Return Code:	0x0","Microsoft-Windows-Security-Auditing","System.String[]","5061","9/13/2023 12:26:27 PM","9/13/2023 12:26:27 PM",,,
"5058","DESKTOP-2E8SKHK","System.Byte[]","8992","(12292)","12292","SuccessAudit","Key file operation.

Subject:
	Security ID:		S-1-5-18
	Account Name:		WIN-D1FCJ2VBDKP$
	Account Domain:		WORKGROUP
	Logon ID:		0x3e7

Process Information:
	Process ID:		1316
	Process Creation Time:	2023-09-13T16:27:01.396716200Z

Cryptographic Parameters:
	Provider Name:	Microsoft Software Key Storage Provider
	Algorithm Name:	UNKNOWN
	Key Name:	72b70832-46a5-76ed-6909-a969b2968218
	Key Type:	%%2500

Key File Operation Information:
	File Path:	C:\ProgramData\Microsoft\Crypto\SystemKeys\046d1e3d960bc5ce7a28ee9065041f67_6f3521b6-9cca-4514-ad4e-0bdf9aeb50cf
	Operation:	%%2458
	Return Code:	0x0","Microsoft-Windows-Security-Auditing","System.String[]","5058","9/13/2023 12:26:27 PM","9/13/2023 12:26:27 PM",,,
"5379","DESKTOP-2E8SKHK","System.Byte[]","8991","(13824)","13824","SuccessAudit","Credential Manager credentials were read.

Subject:
	Security ID:		S-1-5-20
	Account Name:		WIN-D1FCJ2VBDKP$
	Account Domain:		WORKGROUP
	Logon ID:		0x3e4
	Read Operation:		%%8100

This event occurs when a user performs a read operation on stored credentials in Credential Manager.","Microsoft-Windows-Security-Auditing","System.String[]","5379","9/13/2023 12:26:27 PM","9/13/2023 12:26:27 PM",,,
"5379","DESKTOP-2E8SKHK","System.Byte[]","8990","(13824)","13824","SuccessAudit","Credential Manager credentials were read.

Subject:
	Security ID:		S-1-5-20
	Account Name:		WIN-D1FCJ2VBDKP$
	Account Domain:		WORKGROUP
	Logon ID:		0x3e4
	Read Operation:		%%8100

This event occurs when a user performs a read operation on stored credentials in Credential Manager.","Microsoft-Windows-Security-Auditing","System.String[]","5379","9/13/2023 12:26:27 PM","9/13/2023 12:26:27 PM",,,
"5379","DESKTOP-2E8SKHK","System.Byte[]","8989","(13824)","13824","SuccessAudit","Credential Manager credentials were read.

Subject:
	Security ID:		S-1-5-20
	Account Name:		WIN-D1FCJ2VBDKP$
	Account Domain:		WORKGROUP
	Logon ID:		0x3e4
	Read Operation:		%%8100

This event occurs when a user performs a read operation on stored credentials in Credential Manager.","Microsoft-Windows-Security-Auditing","System.String[]","5379","9/13/2023 12:26:27 PM","9/13/2023 12:26:27 PM",,,
"5379","DESKTOP-2E8SKHK","System.Byte[]","8988","(13824)","13824","SuccessAudit","Credential Manager credentials were read.

Subject:
	Security ID:		S-1-5-20
	Account Name:		WIN-D1FCJ2VBDKP$
	Account Domain:		WORKGROUP
	Logon ID:		0x3e4
	Read Operation:		%%8100

This event occurs when a user performs a read operation on stored credentials in Credential Manager.","Microsoft-Windows-Security-Auditing","System.String[]","5379","9/13/2023 12:26:27 PM","9/13/2023 12:26:27 PM",,,
"4672","DESKTOP-2E8SKHK","System.Byte[]","8987","(12548)","12548","SuccessAudit","Special privileges assigned to new logon.

Subject:
	Security ID:		S-1-5-18
	Account Name:		SYSTEM
	Account Domain:		NT AUTHORITY
	Logon ID:		0x3e7

Privileges:		SeAssignPrimaryTokenPrivilege
			SeTcbPrivilege
			SeSecurityPrivilege
			SeTakeOwnershipPrivilege
			SeLoadDriverPrivilege
			SeBackupPrivilege
			SeRestorePrivilege
			SeDebugPrivilege
			SeAuditPrivilege
			SeSystemEnvironmentPrivilege
			SeImpersonatePrivilege
			SeDelegateSessionUserImpersonatePrivilege","Microsoft-Windows-Security-Auditing","System.String[]","4672","9/13/2023 12:26:27 PM","9/13/2023 12:26:27 PM",,,
"4624","DESKTOP-2E8SKHK","System.Byte[]","8986","(12544)","12544","SuccessAudit","An account was successfully logged on.

Subject:
	Security ID:		S-1-5-18
	Account Name:		WIN-D1FCJ2VBDKP$
	Account Domain:		WORKGROUP
	Logon ID:		0x3e7

Logon Information:
	Logon Type:		5
	Restricted Admin Mode:	-
	Virtual Account:		%%1843
	Elevated Token:		%%1842

Impersonation Level:		%%1833

New Logon:
	Security ID:		S-1-5-18
	Account Name:		SYSTEM
	Account Domain:		NT AUTHORITY
	Logon ID:		0x3e7
	Linked Logon ID:		0x0
	Network Account Name:	-
	Network Account Domain:	-
	Logon GUID:		{00000000-0000-0000-0000-000000000000}

Process Information:
	Process ID:		0x280
	Process Name:		C:\Windows\System32\services.exe

Network Information:
	Workstation Name:	-
	Source Network Address:	-
	Source Port:		-

Detailed Authentication Information:
	Logon Process:		Advapi  
	Authentication Package:	Negotiate
	Transited Services:	-
	Package Name (NTLM only):	-
	Key Length:		0

This event is generated when a logon session is created. It is generated on the computer that was accessed.

The subject fields indicate the account on the local system which requested the logon. This is most commonly a service such as the Server service, or a local process such as Winlogon.exe or Services.exe.

The logon type field indicates the kind of logon that occurred. The most common types are 2 (interactive) and 3 (network).

The New Logon fields indicate the account for whom the new logon was created, i.e. the account that was logged on.

The network fields indicate where a remote logon request originated. Workstation name is not always available and may be left blank in some cases.

The impersonation level field indicates the extent to which a process in the logon session can impersonate.

The authentication information fields provide detailed information about this specific logon request.
	- Logon GUID is a unique identifier that can be used to correlate this event with a KDC event.
	- Transited services indicate which intermediate services have participated in this logon request.
	- Package name indicates which sub-protocol was used among the NTLM protocols.
	- Key length indicates the length of the generated session key. This will be 0 if no session key was requested.","Microsoft-Windows-Security-Auditing","System.String[]","4624","9/13/2023 12:26:27 PM","9/13/2023 12:26:27 PM",,,
"4798","DESKTOP-2E8SKHK","System.Byte[]","8985","(13824)","13824","SuccessAudit","A user's local group membership was enumerated.

Subject:
	Security ID:		S-1-5-18
	Account Name:		WIN-D1FCJ2VBDKP$
	Account Domain:		WORKGROUP
	Logon ID:		0x3e7

User:
	Security ID:		S-1-5-21-2529540908-2362371235-1068731176-1002
	Account Name:		champuser
	Account Domain:		DESKTOP-2E8SKHK

Process Information:
	Process ID:		0x4e8
	Process Name:		C:\Windows\System32\LogonUI.exe","Microsoft-Windows-Security-Auditing","System.String[]","4798","9/13/2023 12:26:27 PM","9/13/2023 12:26:27 PM",,,
"5379","DESKTOP-2E8SKHK","System.Byte[]","8984","(13824)","13824","SuccessAudit","Credential Manager credentials were read.

Subject:
	Security ID:		S-1-5-18
	Account Name:		WIN-D1FCJ2VBDKP$
	Account Domain:		WORKGROUP
	Logon ID:		0x3e7
	Read Operation:		%%8100

This event occurs when a user performs a read operation on stored credentials in Credential Manager.","Microsoft-Windows-Security-Auditing","System.String[]","5379","9/13/2023 12:26:25 PM","9/13/2023 12:26:25 PM",,,
"5379","DESKTOP-2E8SKHK","System.Byte[]","8983","(13824)","13824","SuccessAudit","Credential Manager credentials were read.

Subject:
	Security ID:		S-1-5-18
	Account Name:		WIN-D1FCJ2VBDKP$
	Account Domain:		WORKGROUP
	Logon ID:		0x3e7
	Read Operation:		%%8100

This event occurs when a user performs a read operation on stored credentials in Credential Manager.","Microsoft-Windows-Security-Auditing","System.String[]","5379","9/13/2023 12:26:25 PM","9/13/2023 12:26:25 PM",,,
"5379","DESKTOP-2E8SKHK","System.Byte[]","8982","(13824)","13824","SuccessAudit","Credential Manager credentials were read.

Subject:
	Security ID:		S-1-5-18
	Account Name:		WIN-D1FCJ2VBDKP$
	Account Domain:		WORKGROUP
	Logon ID:		0x3e7
	Read Operation:		%%8100

This event occurs when a user performs a read operation on stored credentials in Credential Manager.","Microsoft-Windows-Security-Auditing","System.String[]","5379","9/13/2023 12:26:25 PM","9/13/2023 12:26:25 PM",,,
"5379","DESKTOP-2E8SKHK","System.Byte[]","8981","(13824)","13824","SuccessAudit","Credential Manager credentials were read.

Subject:
	Security ID:		S-1-5-18
	Account Name:		WIN-D1FCJ2VBDKP$
	Account Domain:		WORKGROUP
	Logon ID:		0x3e7
	Read Operation:		%%8100

This event occurs when a user performs a read operation on stored credentials in Credential Manager.","Microsoft-Windows-Security-Auditing","System.String[]","5379","9/13/2023 12:26:25 PM","9/13/2023 12:26:25 PM",,,
"5379","DESKTOP-2E8SKHK","System.Byte[]","8980","(13824)","13824","SuccessAudit","Credential Manager credentials were read.

Subject:
	Security ID:		S-1-5-18
	Account Name:		WIN-D1FCJ2VBDKP$
	Account Domain:		WORKGROUP
	Logon ID:		0x3e7
	Read Operation:		%%8100

This event occurs when a user performs a read operation on stored credentials in Credential Manager.","Microsoft-Windows-Security-Auditing","System.String[]","5379","9/13/2023 12:26:25 PM","9/13/2023 12:26:25 PM",,,
"5379","DESKTOP-2E8SKHK","System.Byte[]","8979","(13824)","13824","SuccessAudit","Credential Manager credentials were read.

Subject:
	Security ID:		S-1-5-18
	Account Name:		WIN-D1FCJ2VBDKP$
	Account Domain:		WORKGROUP
	Logon ID:		0x3e7
	Read Operation:		%%8100

This event occurs when a user performs a read operation on stored credentials in Credential Manager.","Microsoft-Windows-Security-Auditing","System.String[]","5379","9/13/2023 12:26:25 PM","9/13/2023 12:26:25 PM",,,
"5379","DESKTOP-2E8SKHK","System.Byte[]","8978","(13824)","13824","SuccessAudit","Credential Manager credentials were read.

Subject:
	Security ID:		S-1-5-18
	Account Name:		WIN-D1FCJ2VBDKP$
	Account Domain:		WORKGROUP
	Logon ID:		0x3e7
	Read Operation:		%%8100

This event occurs when a user performs a read operation on stored credentials in Credential Manager.","Microsoft-Windows-Security-Auditing","System.String[]","5379","9/13/2023 12:26:25 PM","9/13/2023 12:26:25 PM",,,
"5379","DESKTOP-2E8SKHK","System.Byte[]","8977","(13824)","13824","SuccessAudit","Credential Manager credentials were read.

Subject:
	Security ID:		S-1-5-18
	Account Name:		WIN-D1FCJ2VBDKP$
	Account Domain:		WORKGROUP
	Logon ID:		0x3e7
	Read Operation:		%%8100

This event occurs when a user performs a read operation on stored credentials in Credential Manager.","Microsoft-Windows-Security-Auditing","System.String[]","5379","9/13/2023 12:26:25 PM","9/13/2023 12:26:25 PM",,,
"5379","DESKTOP-2E8SKHK","System.Byte[]","8976","(13824)","13824","SuccessAudit","Credential Manager credentials were read.

Subject:
	Security ID:		S-1-5-18
	Account Name:		WIN-D1FCJ2VBDKP$
	Account Domain:		WORKGROUP
	Logon ID:		0x3e7
	Read Operation:		%%8100

This event occurs when a user performs a read operation on stored credentials in Credential Manager.","Microsoft-Windows-Security-Auditing","System.String[]","5379","9/13/2023 12:26:25 PM","9/13/2023 12:26:25 PM",,,
"5379","DESKTOP-2E8SKHK","System.Byte[]","8975","(13824)","13824","SuccessAudit","Credential Manager credentials were read.

Subject:
	Security ID:		S-1-5-18
	Account Name:		WIN-D1FCJ2VBDKP$
	Account Domain:		WORKGROUP
	Logon ID:		0x3e7
	Read Operation:		%%8099

This event occurs when a user performs a read operation on stored credentials in Credential Manager.","Microsoft-Windows-Security-Auditing","System.String[]","5379","9/13/2023 12:26:25 PM","9/13/2023 12:26:25 PM",,,
"5061","DESKTOP-2E8SKHK","System.Byte[]","8974","(12290)","12290","SuccessAudit","Cryptographic operation.

Subject:
	Security ID:		S-1-5-18
	Account Name:		WIN-D1FCJ2VBDKP$
	Account Domain:		WORKGROUP
	Logon ID:		0x3e7

Cryptographic Parameters:
	Provider Name:	Microsoft Software Key Storage Provider
	Algorithm Name:	RSA
	Key Name:	72b70832-46a5-76ed-6909-a969b2968218
	Key Type:	%%2500

Cryptographic Operation:
	Operation:	%%2480
	Return Code:	0x0","Microsoft-Windows-Security-Auditing","System.String[]","5061","9/13/2023 12:26:25 PM","9/13/2023 12:26:25 PM",,,
"5058","DESKTOP-2E8SKHK","System.Byte[]","8973","(12292)","12292","SuccessAudit","Key file operation.

Subject:
	Security ID:		S-1-5-18
	Account Name:		WIN-D1FCJ2VBDKP$
	Account Domain:		WORKGROUP
	Logon ID:		0x3e7

Process Information:
	Process ID:		1316
	Process Creation Time:	2023-09-13T16:27:01.396716200Z

Cryptographic Parameters:
	Provider Name:	Microsoft Software Key Storage Provider
	Algorithm Name:	UNKNOWN
	Key Name:	72b70832-46a5-76ed-6909-a969b2968218
	Key Type:	%%2500

Key File Operation Information:
	File Path:	C:\ProgramData\Microsoft\Crypto\SystemKeys\046d1e3d960bc5ce7a28ee9065041f67_6f3521b6-9cca-4514-ad4e-0bdf9aeb50cf
	Operation:	%%2458
	Return Code:	0x0","Microsoft-Windows-Security-Auditing","System.String[]","5058","9/13/2023 12:26:25 PM","9/13/2023 12:26:25 PM",,,
"5379","DESKTOP-2E8SKHK","System.Byte[]","8972","(13824)","13824","SuccessAudit","Credential Manager credentials were read.

Subject:
	Security ID:		S-1-5-18
	Account Name:		WIN-D1FCJ2VBDKP$
	Account Domain:		WORKGROUP
	Logon ID:		0x3e7
	Read Operation:		%%8100

This event occurs when a user performs a read operation on stored credentials in Credential Manager.","Microsoft-Windows-Security-Auditing","System.String[]","5379","9/13/2023 12:26:25 PM","9/13/2023 12:26:25 PM",,,
"5379","DESKTOP-2E8SKHK","System.Byte[]","8971","(13824)","13824","SuccessAudit","Credential Manager credentials were read.

Subject:
	Security ID:		S-1-5-18
	Account Name:		WIN-D1FCJ2VBDKP$
	Account Domain:		WORKGROUP
	Logon ID:		0x3e7
	Read Operation:		%%8100

This event occurs when a user performs a read operation on stored credentials in Credential Manager.","Microsoft-Windows-Security-Auditing","System.String[]","5379","9/13/2023 12:26:25 PM","9/13/2023 12:26:25 PM",,,
"5379","DESKTOP-2E8SKHK","System.Byte[]","8970","(13824)","13824","SuccessAudit","Credential Manager credentials were read.

Subject:
	Security ID:		S-1-5-18
	Account Name:		WIN-D1FCJ2VBDKP$
	Account Domain:		WORKGROUP
	Logon ID:		0x3e7
	Read Operation:		%%8100

This event occurs when a user performs a read operation on stored credentials in Credential Manager.","Microsoft-Windows-Security-Auditing","System.String[]","5379","9/13/2023 12:26:25 PM","9/13/2023 12:26:25 PM",,,
"5379","DESKTOP-2E8SKHK","System.Byte[]","8969","(13824)","13824","SuccessAudit","Credential Manager credentials were read.

Subject:
	Security ID:		S-1-5-18
	Account Name:		WIN-D1FCJ2VBDKP$
	Account Domain:		WORKGROUP
	Logon ID:		0x3e7
	Read Operation:		%%8099

This event occurs when a user performs a read operation on stored credentials in Credential Manager.","Microsoft-Windows-Security-Auditing","System.String[]","5379","9/13/2023 12:26:25 PM","9/13/2023 12:26:25 PM",,,
"5061","DESKTOP-2E8SKHK","System.Byte[]","8968","(12290)","12290","SuccessAudit","Cryptographic operation.

Subject:
	Security ID:		S-1-5-18
	Account Name:		WIN-D1FCJ2VBDKP$
	Account Domain:		WORKGROUP
	Logon ID:		0x3e7

Cryptographic Parameters:
	Provider Name:	Microsoft Software Key Storage Provider
	Algorithm Name:	RSA
	Key Name:	72b70832-46a5-76ed-6909-a969b2968218
	Key Type:	%%2500

Cryptographic Operation:
	Operation:	%%2480
	Return Code:	0x0","Microsoft-Windows-Security-Auditing","System.String[]","5061","9/13/2023 12:26:25 PM","9/13/2023 12:26:25 PM",,,
"5058","DESKTOP-2E8SKHK","System.Byte[]","8967","(12292)","12292","SuccessAudit","Key file operation.

Subject:
	Security ID:		S-1-5-18
	Account Name:		WIN-D1FCJ2VBDKP$
	Account Domain:		WORKGROUP
	Logon ID:		0x3e7

Process Information:
	Process ID:		1316
	Process Creation Time:	2023-09-13T16:27:01.396716200Z

Cryptographic Parameters:
	Provider Name:	Microsoft Software Key Storage Provider
	Algorithm Name:	UNKNOWN
	Key Name:	72b70832-46a5-76ed-6909-a969b2968218
	Key Type:	%%2500

Key File Operation Information:
	File Path:	C:\ProgramData\Microsoft\Crypto\SystemKeys\046d1e3d960bc5ce7a28ee9065041f67_6f3521b6-9cca-4514-ad4e-0bdf9aeb50cf
	Operation:	%%2458
	Return Code:	0x0","Microsoft-Windows-Security-Auditing","System.String[]","5058","9/13/2023 12:26:25 PM","9/13/2023 12:26:25 PM",,,
"5379","DESKTOP-2E8SKHK","System.Byte[]","8966","(13824)","13824","SuccessAudit","Credential Manager credentials were read.

Subject:
	Security ID:		S-1-5-18
	Account Name:		WIN-D1FCJ2VBDKP$
	Account Domain:		WORKGROUP
	Logon ID:		0x3e7
	Read Operation:		%%8100

This event occurs when a user performs a read operation on stored credentials in Credential Manager.","Microsoft-Windows-Security-Auditing","System.String[]","5379","9/13/2023 12:26:25 PM","9/13/2023 12:26:25 PM",,,
"5059","DESKTOP-2E8SKHK","System.Byte[]","8965","(12292)","12292","SuccessAudit","Key migration operation.

Subject:
	Security ID:		S-1-5-18
	Account Name:		WIN-D1FCJ2VBDKP$
	Account Domain:		WORKGROUP
	Logon ID:		0x3e7

Process Information:
	Process ID:		1316
	Process Creation Time:	2023-09-13T16:27:01.396716200Z

Cryptographic Parameters:
	Provider Name:	Microsoft Software Key Storage Provider
	Algorithm Name:	RSA
	Key Name:	72b70832-46a5-76ed-6909-a969b2968218
	Key Type:	%%2500

Additional Information:
	Operation:	%%2464
	Return Code:	0x0","Microsoft-Windows-Security-Auditing","System.String[]","5059","9/13/2023 12:26:20 PM","9/13/2023 12:26:20 PM",,,
"5061","DESKTOP-2E8SKHK","System.Byte[]","8964","(12290)","12290","SuccessAudit","Cryptographic operation.

Subject:
	Security ID:		S-1-5-18
	Account Name:		WIN-D1FCJ2VBDKP$
	Account Domain:		WORKGROUP
	Logon ID:		0x3e7

Cryptographic Parameters:
	Provider Name:	Microsoft Software Key Storage Provider
	Algorithm Name:	RSA
	Key Name:	72b70832-46a5-76ed-6909-a969b2968218
	Key Type:	%%2500

Cryptographic Operation:
	Operation:	%%2480
	Return Code:	0x0","Microsoft-Windows-Security-Auditing","System.String[]","5061","9/13/2023 12:26:20 PM","9/13/2023 12:26:20 PM",,,
"5058","DESKTOP-2E8SKHK","System.Byte[]","8963","(12292)","12292","SuccessAudit","Key file operation.

Subject:
	Security ID:		S-1-5-18
	Account Name:		WIN-D1FCJ2VBDKP$
	Account Domain:		WORKGROUP
	Logon ID:		0x3e7

Process Information:
	Process ID:		1316
	Process Creation Time:	2023-09-13T16:27:01.396716200Z

Cryptographic Parameters:
	Provider Name:	Microsoft Software Key Storage Provider
	Algorithm Name:	UNKNOWN
	Key Name:	72b70832-46a5-76ed-6909-a969b2968218
	Key Type:	%%2500

Key File Operation Information:
	File Path:	C:\ProgramData\Microsoft\Crypto\SystemKeys\046d1e3d960bc5ce7a28ee9065041f67_6f3521b6-9cca-4514-ad4e-0bdf9aeb50cf
	Operation:	%%2458
	Return Code:	0x0","Microsoft-Windows-Security-Auditing","System.String[]","5058","9/13/2023 12:26:20 PM","9/13/2023 12:26:20 PM",,,
"5061","DESKTOP-2E8SKHK","System.Byte[]","8962","(12290)","12290","SuccessAudit","Cryptographic operation.

Subject:
	Security ID:		S-1-5-18
	Account Name:		WIN-D1FCJ2VBDKP$
	Account Domain:		WORKGROUP
	Logon ID:		0x3e7

Cryptographic Parameters:
	Provider Name:	Microsoft Software Key Storage Provider
	Algorithm Name:	RSA
	Key Name:	72b70832-46a5-76ed-6909-a969b2968218
	Key Type:	%%2500

Cryptographic Operation:
	Operation:	%%2480
	Return Code:	0x0","Microsoft-Windows-Security-Auditing","System.String[]","5061","9/13/2023 12:26:20 PM","9/13/2023 12:26:20 PM",,,
"5058","DESKTOP-2E8SKHK","System.Byte[]","8961","(12292)","12292","SuccessAudit","Key file operation.

Subject:
	Security ID:		S-1-5-18
	Account Name:		WIN-D1FCJ2VBDKP$
	Account Domain:		WORKGROUP
	Logon ID:		0x3e7

Process Information:
	Process ID:		1316
	Process Creation Time:	2023-09-13T16:27:01.396716200Z

Cryptographic Parameters:
	Provider Name:	Microsoft Software Key Storage Provider
	Algorithm Name:	UNKNOWN
	Key Name:	72b70832-46a5-76ed-6909-a969b2968218
	Key Type:	%%2500

Key File Operation Information:
	File Path:	C:\ProgramData\Microsoft\Crypto\SystemKeys\046d1e3d960bc5ce7a28ee9065041f67_6f3521b6-9cca-4514-ad4e-0bdf9aeb50cf
	Operation:	%%2458
	Return Code:	0x0","Microsoft-Windows-Security-Auditing","System.String[]","5058","9/13/2023 12:26:20 PM","9/13/2023 12:26:20 PM",,,
"4672","DESKTOP-2E8SKHK","System.Byte[]","8960","(12548)","12548","SuccessAudit","Special privileges assigned to new logon.

Subject:
	Security ID:		S-1-5-18
	Account Name:		SYSTEM
	Account Domain:		NT AUTHORITY
	Logon ID:		0x3e7

Privileges:		SeAssignPrimaryTokenPrivilege
			SeTcbPrivilege
			SeSecurityPrivilege
			SeTakeOwnershipPrivilege
			SeLoadDriverPrivilege
			SeBackupPrivilege
			SeRestorePrivilege
			SeDebugPrivilege
			SeAuditPrivilege
			SeSystemEnvironmentPrivilege
			SeImpersonatePrivilege
			SeDelegateSessionUserImpersonatePrivilege","Microsoft-Windows-Security-Auditing","System.String[]","4672","9/13/2023 12:26:20 PM","9/13/2023 12:26:20 PM",,,
"4624","DESKTOP-2E8SKHK","System.Byte[]","8959","(12544)","12544","SuccessAudit","An account was successfully logged on.

Subject:
	Security ID:		S-1-5-18
	Account Name:		WIN-D1FCJ2VBDKP$
	Account Domain:		WORKGROUP
	Logon ID:		0x3e7

Logon Information:
	Logon Type:		5
	Restricted Admin Mode:	-
	Virtual Account:		%%1843
	Elevated Token:		%%1842

Impersonation Level:		%%1833

New Logon:
	Security ID:		S-1-5-18
	Account Name:		SYSTEM
	Account Domain:		NT AUTHORITY
	Logon ID:		0x3e7
	Linked Logon ID:		0x0
	Network Account Name:	-
	Network Account Domain:	-
	Logon GUID:		{00000000-0000-0000-0000-000000000000}

Process Information:
	Process ID:		0x280
	Process Name:		C:\Windows\System32\services.exe

Network Information:
	Workstation Name:	-
	Source Network Address:	-
	Source Port:		-

Detailed Authentication Information:
	Logon Process:		Advapi  
	Authentication Package:	Negotiate
	Transited Services:	-
	Package Name (NTLM only):	-
	Key Length:		0

This event is generated when a logon session is created. It is generated on the computer that was accessed.

The subject fields indicate the account on the local system which requested the logon. This is most commonly a service such as the Server service, or a local process such as Winlogon.exe or Services.exe.

The logon type field indicates the kind of logon that occurred. The most common types are 2 (interactive) and 3 (network).

The New Logon fields indicate the account for whom the new logon was created, i.e. the account that was logged on.

The network fields indicate where a remote logon request originated. Workstation name is not always available and may be left blank in some cases.

The impersonation level field indicates the extent to which a process in the logon session can impersonate.

The authentication information fields provide detailed information about this specific logon request.
	- Logon GUID is a unique identifier that can be used to correlate this event with a KDC event.
	- Transited services indicate which intermediate services have participated in this logon request.
	- Package name indicates which sub-protocol was used among the NTLM protocols.
	- Key length indicates the length of the generated session key. This will be 0 if no session key was requested.","Microsoft-Windows-Security-Auditing","System.String[]","4624","9/13/2023 12:26:20 PM","9/13/2023 12:26:20 PM",,,
"5379","DESKTOP-2E8SKHK","System.Byte[]","8958","(13824)","13824","SuccessAudit","Credential Manager credentials were read.

Subject:
	Security ID:		S-1-5-18
	Account Name:		WIN-D1FCJ2VBDKP$
	Account Domain:		WORKGROUP
	Logon ID:		0x3e7
	Read Operation:		%%8100

This event occurs when a user performs a read operation on stored credentials in Credential Manager.","Microsoft-Windows-Security-Auditing","System.String[]","5379","9/13/2023 12:26:20 PM","9/13/2023 12:26:20 PM",,,
"5379","DESKTOP-2E8SKHK","System.Byte[]","8957","(13824)","13824","SuccessAudit","Credential Manager credentials were read.

Subject:
	Security ID:		S-1-5-18
	Account Name:		WIN-D1FCJ2VBDKP$
	Account Domain:		WORKGROUP
	Logon ID:		0x3e7
	Read Operation:		%%8100

This event occurs when a user performs a read operation on stored credentials in Credential Manager.","Microsoft-Windows-Security-Auditing","System.String[]","5379","9/13/2023 12:26:20 PM","9/13/2023 12:26:20 PM",,,
"5379","DESKTOP-2E8SKHK","System.Byte[]","8956","(13824)","13824","SuccessAudit","Credential Manager credentials were read.

Subject:
	Security ID:		S-1-5-18
	Account Name:		WIN-D1FCJ2VBDKP$
	Account Domain:		WORKGROUP
	Logon ID:		0x3e7
	Read Operation:		%%8100

This event occurs when a user performs a read operation on stored credentials in Credential Manager.","Microsoft-Windows-Security-Auditing","System.String[]","5379","9/13/2023 12:26:20 PM","9/13/2023 12:26:20 PM",,,
"4672","DESKTOP-2E8SKHK","System.Byte[]","8955","(12548)","12548","SuccessAudit","Special privileges assigned to new logon.

Subject:
	Security ID:		S-1-5-18
	Account Name:		SYSTEM
	Account Domain:		NT AUTHORITY
	Logon ID:		0x3e7

Privileges:		SeAssignPrimaryTokenPrivilege
			SeTcbPrivilege
			SeSecurityPrivilege
			SeTakeOwnershipPrivilege
			SeLoadDriverPrivilege
			SeBackupPrivilege
			SeRestorePrivilege
			SeDebugPrivilege
			SeAuditPrivilege
			SeSystemEnvironmentPrivilege
			SeImpersonatePrivilege
			SeDelegateSessionUserImpersonatePrivilege","Microsoft-Windows-Security-Auditing","System.String[]","4672","9/13/2023 12:26:13 PM","9/13/2023 12:26:13 PM",,,
"4624","DESKTOP-2E8SKHK","System.Byte[]","8954","(12544)","12544","SuccessAudit","An account was successfully logged on.

Subject:
	Security ID:		S-1-5-18
	Account Name:		WIN-D1FCJ2VBDKP$
	Account Domain:		WORKGROUP
	Logon ID:		0x3e7

Logon Information:
	Logon Type:		5
	Restricted Admin Mode:	-
	Virtual Account:		%%1843
	Elevated Token:		%%1842

Impersonation Level:		%%1833

New Logon:
	Security ID:		S-1-5-18
	Account Name:		SYSTEM
	Account Domain:		NT AUTHORITY
	Logon ID:		0x3e7
	Linked Logon ID:		0x0
	Network Account Name:	-
	Network Account Domain:	-
	Logon GUID:		{00000000-0000-0000-0000-000000000000}

Process Information:
	Process ID:		0x280
	Process Name:		C:\Windows\System32\services.exe

Network Information:
	Workstation Name:	-
	Source Network Address:	-
	Source Port:		-

Detailed Authentication Information:
	Logon Process:		Advapi  
	Authentication Package:	Negotiate
	Transited Services:	-
	Package Name (NTLM only):	-
	Key Length:		0

This event is generated when a logon session is created. It is generated on the computer that was accessed.

The subject fields indicate the account on the local system which requested the logon. This is most commonly a service such as the Server service, or a local process such as Winlogon.exe or Services.exe.

The logon type field indicates the kind of logon that occurred. The most common types are 2 (interactive) and 3 (network).

The New Logon fields indicate the account for whom the new logon was created, i.e. the account that was logged on.

The network fields indicate where a remote logon request originated. Workstation name is not always available and may be left blank in some cases.

The impersonation level field indicates the extent to which a process in the logon session can impersonate.

The authentication information fields provide detailed information about this specific logon request.
	- Logon GUID is a unique identifier that can be used to correlate this event with a KDC event.
	- Transited services indicate which intermediate services have participated in this logon request.
	- Package name indicates which sub-protocol was used among the NTLM protocols.
	- Key length indicates the length of the generated session key. This will be 0 if no session key was requested.","Microsoft-Windows-Security-Auditing","System.String[]","4624","9/13/2023 12:26:13 PM","9/13/2023 12:26:13 PM",,,
"4799","DESKTOP-2E8SKHK","System.Byte[]","8953","(13826)","13826","SuccessAudit","A security-enabled local group membership was enumerated.

Subject:
	Security ID:		S-1-5-18
	Account Name:		WIN-D1FCJ2VBDKP$
	Account Domain:		WORKGROUP
	Logon ID:		0x3e7

Group:
	Security ID:		S-1-5-32-551
	Group Name:		Backup Operators
	Group Domain:		Builtin

Process Information:
	Process ID:		0xe3c
	Process Name:		C:\Windows\System32\VSSVC.exe","Microsoft-Windows-Security-Auditing","System.String[]","4799","9/13/2023 12:26:10 PM","9/13/2023 12:26:10 PM",,,
"4799","DESKTOP-2E8SKHK","System.Byte[]","8952","(13826)","13826","SuccessAudit","A security-enabled local group membership was enumerated.

Subject:
	Security ID:		S-1-5-18
	Account Name:		WIN-D1FCJ2VBDKP$
	Account Domain:		WORKGROUP
	Logon ID:		0x3e7

Group:
	Security ID:		S-1-5-32-544
	Group Name:		Administrators
	Group Domain:		Builtin

Process Information:
	Process ID:		0xe3c
	Process Name:		C:\Windows\System32\VSSVC.exe","Microsoft-Windows-Security-Auditing","System.String[]","4799","9/13/2023 12:26:10 PM","9/13/2023 12:26:10 PM",,,
"4799","DESKTOP-2E8SKHK","System.Byte[]","8951","(13826)","13826","SuccessAudit","A security-enabled local group membership was enumerated.

Subject:
	Security ID:		S-1-5-18
	Account Name:		WIN-D1FCJ2VBDKP$
	Account Domain:		WORKGROUP
	Logon ID:		0x3e7

Group:
	Security ID:		S-1-5-32-551
	Group Name:		Backup Operators
	Group Domain:		Builtin

Process Information:
	Process ID:		0xe3c
	Process Name:		C:\Windows\System32\VSSVC.exe","Microsoft-Windows-Security-Auditing","System.String[]","4799","9/13/2023 12:26:10 PM","9/13/2023 12:26:10 PM",,,
"4799","DESKTOP-2E8SKHK","System.Byte[]","8950","(13826)","13826","SuccessAudit","A security-enabled local group membership was enumerated.

Subject:
	Security ID:		S-1-5-18
	Account Name:		WIN-D1FCJ2VBDKP$
	Account Domain:		WORKGROUP
	Logon ID:		0x3e7

Group:
	Security ID:		S-1-5-32-544
	Group Name:		Administrators
	Group Domain:		Builtin

Process Information:
	Process ID:		0xe3c
	Process Name:		C:\Windows\System32\VSSVC.exe","Microsoft-Windows-Security-Auditing","System.String[]","4799","9/13/2023 12:26:10 PM","9/13/2023 12:26:10 PM",,,
"4799","DESKTOP-2E8SKHK","System.Byte[]","8949","(13826)","13826","SuccessAudit","A security-enabled local group membership was enumerated.

Subject:
	Security ID:		S-1-5-18
	Account Name:		WIN-D1FCJ2VBDKP$
	Account Domain:		WORKGROUP
	Logon ID:		0x3e7

Group:
	Security ID:		S-1-5-32-551
	Group Name:		Backup Operators
	Group Domain:		Builtin

Process Information:
	Process ID:		0xe3c
	Process Name:		C:\Windows\System32\VSSVC.exe","Microsoft-Windows-Security-Auditing","System.String[]","4799","9/13/2023 12:26:10 PM","9/13/2023 12:26:10 PM",,,
"4799","DESKTOP-2E8SKHK","System.Byte[]","8948","(13826)","13826","SuccessAudit","A security-enabled local group membership was enumerated.

Subject:
	Security ID:		S-1-5-18
	Account Name:		WIN-D1FCJ2VBDKP$
	Account Domain:		WORKGROUP
	Logon ID:		0x3e7

Group:
	Security ID:		S-1-5-32-544
	Group Name:		Administrators
	Group Domain:		Builtin

Process Information:
	Process ID:		0xe3c
	Process Name:		C:\Windows\System32\VSSVC.exe","Microsoft-Windows-Security-Auditing","System.String[]","4799","9/13/2023 12:26:10 PM","9/13/2023 12:26:10 PM",,,
"4799","DESKTOP-2E8SKHK","System.Byte[]","8947","(13826)","13826","SuccessAudit","A security-enabled local group membership was enumerated.

Subject:
	Security ID:		S-1-5-18
	Account Name:		WIN-D1FCJ2VBDKP$
	Account Domain:		WORKGROUP
	Logon ID:		0x3e7

Group:
	Security ID:		S-1-5-32-551
	Group Name:		Backup Operators
	Group Domain:		Builtin

Process Information:
	Process ID:		0xe3c
	Process Name:		C:\Windows\System32\VSSVC.exe","Microsoft-Windows-Security-Auditing","System.String[]","4799","9/13/2023 12:26:10 PM","9/13/2023 12:26:10 PM",,,
"4799","DESKTOP-2E8SKHK","System.Byte[]","8946","(13826)","13826","SuccessAudit","A security-enabled local group membership was enumerated.

Subject:
	Security ID:		S-1-5-18
	Account Name:		WIN-D1FCJ2VBDKP$
	Account Domain:		WORKGROUP
	Logon ID:		0x3e7

Group:
	Security ID:		S-1-5-32-544
	Group Name:		Administrators
	Group Domain:		Builtin

Process Information:
	Process ID:		0xe3c
	Process Name:		C:\Windows\System32\VSSVC.exe","Microsoft-Windows-Security-Auditing","System.String[]","4799","9/13/2023 12:26:10 PM","9/13/2023 12:26:10 PM",,,
"4672","DESKTOP-2E8SKHK","System.Byte[]","8945","(12548)","12548","SuccessAudit","Special privileges assigned to new logon.

Subject:
	Security ID:		S-1-5-18
	Account Name:		SYSTEM
	Account Domain:		NT AUTHORITY
	Logon ID:		0x3e7

Privileges:		SeAssignPrimaryTokenPrivilege
			SeTcbPrivilege
			SeSecurityPrivilege
			SeTakeOwnershipPrivilege
			SeLoadDriverPrivilege
			SeBackupPrivilege
			SeRestorePrivilege
			SeDebugPrivilege
			SeAuditPrivilege
			SeSystemEnvironmentPrivilege
			SeImpersonatePrivilege
			SeDelegateSessionUserImpersonatePrivilege","Microsoft-Windows-Security-Auditing","System.String[]","4672","9/13/2023 12:26:10 PM","9/13/2023 12:26:10 PM",,,
"4624","DESKTOP-2E8SKHK","System.Byte[]","8944","(12544)","12544","SuccessAudit","An account was successfully logged on.

Subject:
	Security ID:		S-1-5-18
	Account Name:		WIN-D1FCJ2VBDKP$
	Account Domain:		WORKGROUP
	Logon ID:		0x3e7

Logon Information:
	Logon Type:		5
	Restricted Admin Mode:	-
	Virtual Account:		%%1843
	Elevated Token:		%%1842

Impersonation Level:		%%1833

New Logon:
	Security ID:		S-1-5-18
	Account Name:		SYSTEM
	Account Domain:		NT AUTHORITY
	Logon ID:		0x3e7
	Linked Logon ID:		0x0
	Network Account Name:	-
	Network Account Domain:	-
	Logon GUID:		{00000000-0000-0000-0000-000000000000}

Process Information:
	Process ID:		0x280
	Process Name:		C:\Windows\System32\services.exe

Network Information:
	Workstation Name:	-
	Source Network Address:	-
	Source Port:		-

Detailed Authentication Information:
	Logon Process:		Advapi  
	Authentication Package:	Negotiate
	Transited Services:	-
	Package Name (NTLM only):	-
	Key Length:		0

This event is generated when a logon session is created. It is generated on the computer that was accessed.

The subject fields indicate the account on the local system which requested the logon. This is most commonly a service such as the Server service, or a local process such as Winlogon.exe or Services.exe.

The logon type field indicates the kind of logon that occurred. The most common types are 2 (interactive) and 3 (network).

The New Logon fields indicate the account for whom the new logon was created, i.e. the account that was logged on.

The network fields indicate where a remote logon request originated. Workstation name is not always available and may be left blank in some cases.

The impersonation level field indicates the extent to which a process in the logon session can impersonate.

The authentication information fields provide detailed information about this specific logon request.
	- Logon GUID is a unique identifier that can be used to correlate this event with a KDC event.
	- Transited services indicate which intermediate services have participated in this logon request.
	- Package name indicates which sub-protocol was used among the NTLM protocols.
	- Key length indicates the length of the generated session key. This will be 0 if no session key was requested.","Microsoft-Windows-Security-Auditing","System.String[]","4624","9/13/2023 12:26:10 PM","9/13/2023 12:26:10 PM",,,
"4799","DESKTOP-2E8SKHK","System.Byte[]","8943","(13826)","13826","SuccessAudit","A security-enabled local group membership was enumerated.

Subject:
	Security ID:		S-1-5-18
	Account Name:		WIN-D1FCJ2VBDKP$
	Account Domain:		WORKGROUP
	Logon ID:		0x3e7

Group:
	Security ID:		S-1-5-32-544
	Group Name:		Administrators
	Group Domain:		Builtin

Process Information:
	Process ID:		0x630
	Process Name:		C:\Windows\System32\svchost.exe","Microsoft-Windows-Security-Auditing","System.String[]","4799","9/13/2023 12:26:09 PM","9/13/2023 12:26:09 PM",,,
"4672","DESKTOP-2E8SKHK","System.Byte[]","8942","(12548)","12548","SuccessAudit","Special privileges assigned to new logon.

Subject:
	Security ID:		S-1-5-18
	Account Name:		SYSTEM
	Account Domain:		NT AUTHORITY
	Logon ID:		0x3e7

Privileges:		SeAssignPrimaryTokenPrivilege
			SeTcbPrivilege
			SeSecurityPrivilege
			SeTakeOwnershipPrivilege
			SeLoadDriverPrivilege
			SeBackupPrivilege
			SeRestorePrivilege
			SeDebugPrivilege
			SeAuditPrivilege
			SeSystemEnvironmentPrivilege
			SeImpersonatePrivilege
			SeDelegateSessionUserImpersonatePrivilege","Microsoft-Windows-Security-Auditing","System.String[]","4672","9/13/2023 12:26:09 PM","9/13/2023 12:26:09 PM",,,
"4624","DESKTOP-2E8SKHK","System.Byte[]","8941","(12544)","12544","SuccessAudit","An account was successfully logged on.

Subject:
	Security ID:		S-1-5-18
	Account Name:		WIN-D1FCJ2VBDKP$
	Account Domain:		WORKGROUP
	Logon ID:		0x3e7

Logon Information:
	Logon Type:		5
	Restricted Admin Mode:	-
	Virtual Account:		%%1843
	Elevated Token:		%%1842

Impersonation Level:		%%1833

New Logon:
	Security ID:		S-1-5-18
	Account Name:		SYSTEM
	Account Domain:		NT AUTHORITY
	Logon ID:		0x3e7
	Linked Logon ID:		0x0
	Network Account Name:	-
	Network Account Domain:	-
	Logon GUID:		{00000000-0000-0000-0000-000000000000}

Process Information:
	Process ID:		0x280
	Process Name:		C:\Windows\System32\services.exe

Network Information:
	Workstation Name:	-
	Source Network Address:	-
	Source Port:		-

Detailed Authentication Information:
	Logon Process:		Advapi  
	Authentication Package:	Negotiate
	Transited Services:	-
	Package Name (NTLM only):	-
	Key Length:		0

This event is generated when a logon session is created. It is generated on the computer that was accessed.

The subject fields indicate the account on the local system which requested the logon. This is most commonly a service such as the Server service, or a local process such as Winlogon.exe or Services.exe.

The logon type field indicates the kind of logon that occurred. The most common types are 2 (interactive) and 3 (network).

The New Logon fields indicate the account for whom the new logon was created, i.e. the account that was logged on.

The network fields indicate where a remote logon request originated. Workstation name is not always available and may be left blank in some cases.

The impersonation level field indicates the extent to which a process in the logon session can impersonate.

The authentication information fields provide detailed information about this specific logon request.
	- Logon GUID is a unique identifier that can be used to correlate this event with a KDC event.
	- Transited services indicate which intermediate services have participated in this logon request.
	- Package name indicates which sub-protocol was used among the NTLM protocols.
	- Key length indicates the length of the generated session key. This will be 0 if no session key was requested.","Microsoft-Windows-Security-Auditing","System.String[]","4624","9/13/2023 12:26:09 PM","9/13/2023 12:26:09 PM",,,
"4672","DESKTOP-2E8SKHK","System.Byte[]","8940","(12548)","12548","SuccessAudit","Special privileges assigned to new logon.

Subject:
	Security ID:		S-1-5-18
	Account Name:		SYSTEM
	Account Domain:		NT AUTHORITY
	Logon ID:		0x3e7

Privileges:		SeAssignPrimaryTokenPrivilege
			SeTcbPrivilege
			SeSecurityPrivilege
			SeTakeOwnershipPrivilege
			SeLoadDriverPrivilege
			SeBackupPrivilege
			SeRestorePrivilege
			SeDebugPrivilege
			SeAuditPrivilege
			SeSystemEnvironmentPrivilege
			SeImpersonatePrivilege
			SeDelegateSessionUserImpersonatePrivilege","Microsoft-Windows-Security-Auditing","System.String[]","4672","9/13/2023 12:26:08 PM","9/13/2023 12:26:08 PM",,,
"4624","DESKTOP-2E8SKHK","System.Byte[]","8939","(12544)","12544","SuccessAudit","An account was successfully logged on.

Subject:
	Security ID:		S-1-5-18
	Account Name:		WIN-D1FCJ2VBDKP$
	Account Domain:		WORKGROUP
	Logon ID:		0x3e7

Logon Information:
	Logon Type:		5
	Restricted Admin Mode:	-
	Virtual Account:		%%1843
	Elevated Token:		%%1842

Impersonation Level:		%%1833

New Logon:
	Security ID:		S-1-5-18
	Account Name:		SYSTEM
	Account Domain:		NT AUTHORITY
	Logon ID:		0x3e7
	Linked Logon ID:		0x0
	Network Account Name:	-
	Network Account Domain:	-
	Logon GUID:		{00000000-0000-0000-0000-000000000000}

Process Information:
	Process ID:		0x280
	Process Name:		C:\Windows\System32\services.exe

Network Information:
	Workstation Name:	-
	Source Network Address:	-
	Source Port:		-

Detailed Authentication Information:
	Logon Process:		Advapi  
	Authentication Package:	Negotiate
	Transited Services:	-
	Package Name (NTLM only):	-
	Key Length:		0

This event is generated when a logon session is created. It is generated on the computer that was accessed.

The subject fields indicate the account on the local system which requested the logon. This is most commonly a service such as the Server service, or a local process such as Winlogon.exe or Services.exe.

The logon type field indicates the kind of logon that occurred. The most common types are 2 (interactive) and 3 (network).

The New Logon fields indicate the account for whom the new logon was created, i.e. the account that was logged on.

The network fields indicate where a remote logon request originated. Workstation name is not always available and may be left blank in some cases.

The impersonation level field indicates the extent to which a process in the logon session can impersonate.

The authentication information fields provide detailed information about this specific logon request.
	- Logon GUID is a unique identifier that can be used to correlate this event with a KDC event.
	- Transited services indicate which intermediate services have participated in this logon request.
	- Package name indicates which sub-protocol was used among the NTLM protocols.
	- Key length indicates the length of the generated session key. This will be 0 if no session key was requested.","Microsoft-Windows-Security-Auditing","System.String[]","4624","9/13/2023 12:26:08 PM","9/13/2023 12:26:08 PM",,,
"4616","DESKTOP-2E8SKHK","System.Byte[]","8938","(12288)","12288","SuccessAudit","The system time was changed.

Subject:
	Security ID:		S-1-5-19
	Account Name:		LOCAL SERVICE
	Account Domain:		NT AUTHORITY
	Logon ID:		0x3e5

Process Information:
	Process ID:	0x540
	Name:		C:\Windows\System32\svchost.exe

Previous Time:		2023-09-13T16:26:08.464293600Z
New Time:		2023-09-13T16:26:08.472181700Z

This event is generated when the system time is changed. It is normal for the Windows Time Service, which runs with System privilege, to change the system time on a regular basis. Other system time changes may be indicative of attempts to tamper with the computer.","Microsoft-Windows-Security-Auditing","System.String[]","4616","9/13/2023 12:26:08 PM","9/13/2023 12:26:08 PM",,,
"4672","DESKTOP-2E8SKHK","System.Byte[]","8937","(12548)","12548","SuccessAudit","Special privileges assigned to new logon.

Subject:
	Security ID:		S-1-5-18
	Account Name:		SYSTEM
	Account Domain:		NT AUTHORITY
	Logon ID:		0x3e7

Privileges:		SeAssignPrimaryTokenPrivilege
			SeTcbPrivilege
			SeSecurityPrivilege
			SeTakeOwnershipPrivilege
			SeLoadDriverPrivilege
			SeBackupPrivilege
			SeRestorePrivilege
			SeDebugPrivilege
			SeAuditPrivilege
			SeSystemEnvironmentPrivilege
			SeImpersonatePrivilege
			SeDelegateSessionUserImpersonatePrivilege","Microsoft-Windows-Security-Auditing","System.String[]","4672","9/13/2023 12:26:08 PM","9/13/2023 12:26:08 PM",,,
"4624","DESKTOP-2E8SKHK","System.Byte[]","8936","(12544)","12544","SuccessAudit","An account was successfully logged on.

Subject:
	Security ID:		S-1-5-18
	Account Name:		WIN-D1FCJ2VBDKP$
	Account Domain:		WORKGROUP
	Logon ID:		0x3e7

Logon Information:
	Logon Type:		5
	Restricted Admin Mode:	-
	Virtual Account:		%%1843
	Elevated Token:		%%1842

Impersonation Level:		%%1833

New Logon:
	Security ID:		S-1-5-18
	Account Name:		SYSTEM
	Account Domain:		NT AUTHORITY
	Logon ID:		0x3e7
	Linked Logon ID:		0x0
	Network Account Name:	-
	Network Account Domain:	-
	Logon GUID:		{00000000-0000-0000-0000-000000000000}

Process Information:
	Process ID:		0x280
	Process Name:		C:\Windows\System32\services.exe

Network Information:
	Workstation Name:	-
	Source Network Address:	-
	Source Port:		-

Detailed Authentication Information:
	Logon Process:		Advapi  
	Authentication Package:	Negotiate
	Transited Services:	-
	Package Name (NTLM only):	-
	Key Length:		0

This event is generated when a logon session is created. It is generated on the computer that was accessed.

The subject fields indicate the account on the local system which requested the logon. This is most commonly a service such as the Server service, or a local process such as Winlogon.exe or Services.exe.

The logon type field indicates the kind of logon that occurred. The most common types are 2 (interactive) and 3 (network).

The New Logon fields indicate the account for whom the new logon was created, i.e. the account that was logged on.

The network fields indicate where a remote logon request originated. Workstation name is not always available and may be left blank in some cases.

The impersonation level field indicates the extent to which a process in the logon session can impersonate.

The authentication information fields provide detailed information about this specific logon request.
	- Logon GUID is a unique identifier that can be used to correlate this event with a KDC event.
	- Transited services indicate which intermediate services have participated in this logon request.
	- Package name indicates which sub-protocol was used among the NTLM protocols.
	- Key length indicates the length of the generated session key. This will be 0 if no session key was requested.","Microsoft-Windows-Security-Auditing","System.String[]","4624","9/13/2023 12:26:08 PM","9/13/2023 12:26:08 PM",,,
"5024","DESKTOP-2E8SKHK","System.Byte[]","8935","(12292)","12292","SuccessAudit","The Windows Firewall service started successfully.","Microsoft-Windows-Security-Auditing","System.String[]","5024","9/13/2023 12:26:08 PM","9/13/2023 12:26:08 PM",,,
"4672","DESKTOP-2E8SKHK","System.Byte[]","8934","(12548)","12548","SuccessAudit","Special privileges assigned to new logon.

Subject:
	Security ID:		S-1-5-18
	Account Name:		SYSTEM
	Account Domain:		NT AUTHORITY
	Logon ID:		0x3e7

Privileges:		SeAssignPrimaryTokenPrivilege
			SeTcbPrivilege
			SeSecurityPrivilege
			SeTakeOwnershipPrivilege
			SeLoadDriverPrivilege
			SeBackupPrivilege
			SeRestorePrivilege
			SeDebugPrivilege
			SeAuditPrivilege
			SeSystemEnvironmentPrivilege
			SeImpersonatePrivilege
			SeDelegateSessionUserImpersonatePrivilege","Microsoft-Windows-Security-Auditing","System.String[]","4672","9/13/2023 12:26:07 PM","9/13/2023 12:26:07 PM",,,
"4624","DESKTOP-2E8SKHK","System.Byte[]","8933","(12544)","12544","SuccessAudit","An account was successfully logged on.

Subject:
	Security ID:		S-1-5-18
	Account Name:		WIN-D1FCJ2VBDKP$
	Account Domain:		WORKGROUP
	Logon ID:		0x3e7

Logon Information:
	Logon Type:		5
	Restricted Admin Mode:	-
	Virtual Account:		%%1843
	Elevated Token:		%%1842

Impersonation Level:		%%1833

New Logon:
	Security ID:		S-1-5-18
	Account Name:		SYSTEM
	Account Domain:		NT AUTHORITY
	Logon ID:		0x3e7
	Linked Logon ID:		0x0
	Network Account Name:	-
	Network Account Domain:	-
	Logon GUID:		{00000000-0000-0000-0000-000000000000}

Process Information:
	Process ID:		0x280
	Process Name:		C:\Windows\System32\services.exe

Network Information:
	Workstation Name:	-
	Source Network Address:	-
	Source Port:		-

Detailed Authentication Information:
	Logon Process:		Advapi  
	Authentication Package:	Negotiate
	Transited Services:	-
	Package Name (NTLM only):	-
	Key Length:		0

This event is generated when a logon session is created. It is generated on the computer that was accessed.

The subject fields indicate the account on the local system which requested the logon. This is most commonly a service such as the Server service, or a local process such as Winlogon.exe or Services.exe.

The logon type field indicates the kind of logon that occurred. The most common types are 2 (interactive) and 3 (network).

The New Logon fields indicate the account for whom the new logon was created, i.e. the account that was logged on.

The network fields indicate where a remote logon request originated. Workstation name is not always available and may be left blank in some cases.

The impersonation level field indicates the extent to which a process in the logon session can impersonate.

The authentication information fields provide detailed information about this specific logon request.
	- Logon GUID is a unique identifier that can be used to correlate this event with a KDC event.
	- Transited services indicate which intermediate services have participated in this logon request.
	- Package name indicates which sub-protocol was used among the NTLM protocols.
	- Key length indicates the length of the generated session key. This will be 0 if no session key was requested.","Microsoft-Windows-Security-Auditing","System.String[]","4624","9/13/2023 12:26:07 PM","9/13/2023 12:26:07 PM",,,
